DEBUG - 2025-05-05 00:47:25 --> Session: Class initialized using 'CodeIgniter\Session\Handlers\FileHandler' driver.
DEBUG - 2025-05-05 00:47:25 --> Session: Class initialized using 'CodeIgniter\Session\Handlers\FileHandler' driver.
DEBUG - 2025-05-05 00:47:25 --> AuthFilter triggered. Session ID: 
DEBUG - 2025-05-05 01:09:12 --> Session: Class initialized using 'CodeIgniter\Session\Handlers\FileHandler' driver.
DEBUG - 2025-05-05 01:09:12 --> AuthFilter triggered. Session ID: 
DEBUG - 2025-05-05 01:09:29 --> Session: Class initialized using 'CodeIgniter\Session\Handlers\FileHandler' driver.
DEBUG - 2025-05-05 01:09:29 --> AuthFilter triggered. Session ID: 
DEBUG - 2025-05-05 01:15:46 --> Session: Class initialized using 'CodeIgniter\Session\Handlers\FileHandler' driver.
DEBUG - 2025-05-05 01:15:46 --> AuthFilter triggered. Session ID: 
DEBUG - 2025-05-05 01:15:48 --> Session: Class initialized using 'CodeIgniter\Session\Handlers\FileHandler' driver.
DEBUG - 2025-05-05 01:15:48 --> AuthFilter triggered. Session ID: 
DEBUG - 2025-05-05 01:16:51 --> Session: Class initialized using 'CodeIgniter\Session\Handlers\FileHandler' driver.
DEBUG - 2025-05-05 01:16:51 --> AuthFilter triggered. Session ID: 
DEBUG - 2025-05-05 01:17:00 --> Session: Class initialized using 'CodeIgniter\Session\Handlers\FileHandler' driver.
DEBUG - 2025-05-05 01:17:00 --> AuthFilter triggered. Session ID: 
DEBUG - 2025-05-05 01:17:14 --> Session: Class initialized using 'CodeIgniter\Session\Handlers\FileHandler' driver.
DEBUG - 2025-05-05 01:17:14 --> AuthFilter triggered. Session ID: 
CRITICAL - 2025-05-05 01:17:14 --> ErrorException: Undefined array key "nama_rs"
[Method: POST, Route: admin/verifikasi/14]
in APPPATH\Controllers\AdminController.php on line 83.
 1 APPPATH\Controllers\AdminController.php(83): CodeIgniter\Debug\Exceptions->errorHandler(2, 'Undefined array key "nama_rs"', 'C:\\PT Bukit Asam Tbk Unit Dermaga Kertapati\\Sistem Informasi Permintaan Surat Perobatan\\app\\Controllers\\AdminController.php', 83)
 2 APPPATH\Controllers\AdminController.php(65): App\Controllers\AdminController->processGeneratePdf('14')
 3 SYSTEMPATH\CodeIgniter.php(933): App\Controllers\AdminController->verify('14')
 4 SYSTEMPATH\CodeIgniter.php(507): CodeIgniter\CodeIgniter->runController(Object(App\Controllers\AdminController))
 5 SYSTEMPATH\CodeIgniter.php(354): CodeIgniter\CodeIgniter->handleRequest(null, Object(Config\Cache), false)
 6 SYSTEMPATH\Boot.php(334): CodeIgniter\CodeIgniter->run()
 7 SYSTEMPATH\Boot.php(67): CodeIgniter\Boot::runCodeIgniter(Object(CodeIgniter\CodeIgniter))
 8 FCPATH\index.php(56): CodeIgniter\Boot::bootWeb(Object(Config\Paths))
 9 SYSTEMPATH\rewrite.php(44): require_once('C:\\PT Bukit Asam Tbk Unit Dermaga Kertapati\\Sistem Informasi Permintaan Surat Perobatan\\public\\index.php')
DEBUG - 2025-05-05 01:17:24 --> Session: Class initialized using 'CodeIgniter\Session\Handlers\FileHandler' driver.
DEBUG - 2025-05-05 01:17:24 --> AuthFilter triggered. Session ID: 
DEBUG - 2025-05-05 01:17:30 --> Session: Class initialized using 'CodeIgniter\Session\Handlers\FileHandler' driver.
DEBUG - 2025-05-05 01:17:30 --> AuthFilter triggered. Session ID: 
CRITICAL - 2025-05-05 01:17:30 --> ErrorException: Undefined array key "nama_rs"
[Method: GET, Route: admin/generate-pdf/14]
in APPPATH\Views\pages\admin\template_surat.php on line 170.
 1 APPPATH\Views\pages\admin\template_surat.php(170): CodeIgniter\Debug\Exceptions->errorHandler(2, 'Undefined array key "nama_rs"', 'C:\\PT Bukit Asam Tbk Unit Dermaga Kertapati\\Sistem Informasi Permintaan Surat Perobatan\\app\\Views\\pages\\admin\\template_surat.php', 170)
 2 SYSTEMPATH\View\View.php(224): include('C:\\PT Bukit Asam Tbk Unit Dermaga Kertapati\\Sistem Informasi Permintaan Surat Perobatan\\app\\Views\\pages\\admin\\template_surat.php')
 3 SYSTEMPATH\View\View.php(227): CodeIgniter\View\View->CodeIgniter\View\{closure}()
 4 SYSTEMPATH\Common.php(1173): CodeIgniter\View\View->render('pages/admin/template_surat', [], true)
 5 APPPATH\Controllers\AdminController.php(144): view('pages/admin/template_surat', [...])
 6 SYSTEMPATH\CodeIgniter.php(933): App\Controllers\AdminController->generatePdf('14')
 7 SYSTEMPATH\CodeIgniter.php(507): CodeIgniter\CodeIgniter->runController(Object(App\Controllers\AdminController))
 8 SYSTEMPATH\CodeIgniter.php(354): CodeIgniter\CodeIgniter->handleRequest(null, Object(Config\Cache), false)
 9 SYSTEMPATH\Boot.php(334): CodeIgniter\CodeIgniter->run()
10 SYSTEMPATH\Boot.php(67): CodeIgniter\Boot::runCodeIgniter(Object(CodeIgniter\CodeIgniter))
11 FCPATH\index.php(56): CodeIgniter\Boot::bootWeb(Object(Config\Paths))
12 SYSTEMPATH\rewrite.php(44): require_once('C:\\PT Bukit Asam Tbk Unit Dermaga Kertapati\\Sistem Informasi Permintaan Surat Perobatan\\public\\index.php')
DEBUG - 2025-05-05 01:17:36 --> Session: Class initialized using 'CodeIgniter\Session\Handlers\FileHandler' driver.
DEBUG - 2025-05-05 01:17:36 --> AuthFilter triggered. Session ID: 
DEBUG - 2025-05-05 01:17:56 --> Session: Class initialized using 'CodeIgniter\Session\Handlers\FileHandler' driver.
DEBUG - 2025-05-05 01:17:56 --> AuthFilter triggered. Session ID: 
DEBUG - 2025-05-05 01:20:59 --> Session: Class initialized using 'CodeIgniter\Session\Handlers\FileHandler' driver.
DEBUG - 2025-05-05 01:20:59 --> AuthFilter triggered. Session ID: 
DEBUG - 2025-05-05 01:21:02 --> Session: Class initialized using 'CodeIgniter\Session\Handlers\FileHandler' driver.
DEBUG - 2025-05-05 01:21:02 --> AuthFilter triggered. Session ID: 
CRITICAL - 2025-05-05 01:21:02 --> ErrorException: Undefined array key "nama_rs"
[Method: POST, Route: admin/verifikasi/14]
in APPPATH\Controllers\AdminController.php on line 83.
 1 APPPATH\Controllers\AdminController.php(83): CodeIgniter\Debug\Exceptions->errorHandler(2, 'Undefined array key "nama_rs"', 'C:\\PT Bukit Asam Tbk Unit Dermaga Kertapati\\Sistem Informasi Permintaan Surat Perobatan\\app\\Controllers\\AdminController.php', 83)
 2 APPPATH\Controllers\AdminController.php(65): App\Controllers\AdminController->processGeneratePdf('14')
 3 SYSTEMPATH\CodeIgniter.php(933): App\Controllers\AdminController->verify('14')
 4 SYSTEMPATH\CodeIgniter.php(507): CodeIgniter\CodeIgniter->runController(Object(App\Controllers\AdminController))
 5 SYSTEMPATH\CodeIgniter.php(354): CodeIgniter\CodeIgniter->handleRequest(null, Object(Config\Cache), false)
 6 SYSTEMPATH\Boot.php(334): CodeIgniter\CodeIgniter->run()
 7 SYSTEMPATH\Boot.php(67): CodeIgniter\Boot::runCodeIgniter(Object(CodeIgniter\CodeIgniter))
 8 FCPATH\index.php(56): CodeIgniter\Boot::bootWeb(Object(Config\Paths))
 9 SYSTEMPATH\rewrite.php(44): require_once('C:\\PT Bukit Asam Tbk Unit Dermaga Kertapati\\Sistem Informasi Permintaan Surat Perobatan\\public\\index.php')
DEBUG - 2025-05-05 01:21:04 --> Session: Class initialized using 'CodeIgniter\Session\Handlers\FileHandler' driver.
DEBUG - 2025-05-05 01:21:04 --> AuthFilter triggered. Session ID: 
DEBUG - 2025-05-05 01:25:22 --> Session: Class initialized using 'CodeIgniter\Session\Handlers\FileHandler' driver.
DEBUG - 2025-05-05 01:25:22 --> AuthFilter triggered. Session ID: 
DEBUG - 2025-05-05 01:25:29 --> Session: Class initialized using 'CodeIgniter\Session\Handlers\FileHandler' driver.
DEBUG - 2025-05-05 01:25:29 --> AuthFilter triggered. Session ID: 
DEBUG - 2025-05-05 01:25:29 --> Session: Class initialized using 'CodeIgniter\Session\Handlers\FileHandler' driver.
DEBUG - 2025-05-05 01:25:29 --> AuthFilter triggered. Session ID: 
DEBUG - 2025-05-05 01:25:31 --> Session: Class initialized using 'CodeIgniter\Session\Handlers\FileHandler' driver.
DEBUG - 2025-05-05 01:25:39 --> Session: Class initialized using 'CodeIgniter\Session\Handlers\FileHandler' driver.
DEBUG - 2025-05-05 01:25:39 --> Session: Class initialized using 'CodeIgniter\Session\Handlers\FileHandler' driver.
DEBUG - 2025-05-05 01:25:39 --> AuthFilter triggered. Session ID: 
DEBUG - 2025-05-05 01:26:14 --> Session: Class initialized using 'CodeIgniter\Session\Handlers\FileHandler' driver.
DEBUG - 2025-05-05 01:26:14 --> AuthFilter triggered. Session ID: 
DEBUG - 2025-05-05 01:26:16 --> Session: Class initialized using 'CodeIgniter\Session\Handlers\FileHandler' driver.
DEBUG - 2025-05-05 01:26:29 --> Session: Class initialized using 'CodeIgniter\Session\Handlers\FileHandler' driver.
DEBUG - 2025-05-05 01:26:29 --> Session: Class initialized using 'CodeIgniter\Session\Handlers\FileHandler' driver.
DEBUG - 2025-05-05 01:26:29 --> AuthFilter triggered. Session ID: 
DEBUG - 2025-05-05 01:26:31 --> Session: Class initialized using 'CodeIgniter\Session\Handlers\FileHandler' driver.
DEBUG - 2025-05-05 01:26:31 --> AuthFilter triggered. Session ID: 
DEBUG - 2025-05-05 01:31:40 --> Session: Class initialized using 'CodeIgniter\Session\Handlers\FileHandler' driver.
DEBUG - 2025-05-05 01:31:40 --> AuthFilter triggered. Session ID: 
DEBUG - 2025-05-05 01:32:00 --> Session: Class initialized using 'CodeIgniter\Session\Handlers\FileHandler' driver.
DEBUG - 2025-05-05 01:32:00 --> AuthFilter triggered. Session ID: 
CRITICAL - 2025-05-05 01:32:00 --> ErrorException: Undefined array key "nama_rs"
[Method: POST, Route: admin/verifikasi/15]
in APPPATH\Controllers\AdminController.php on line 78.
 1 APPPATH\Controllers\AdminController.php(78): CodeIgniter\Debug\Exceptions->errorHandler(2, 'Undefined array key "nama_rs"', 'C:\\PT Bukit Asam Tbk Unit Dermaga Kertapati\\Sistem Informasi Permintaan Surat Perobatan\\app\\Controllers\\AdminController.php', 78)
 2 APPPATH\Controllers\AdminController.php(60): App\Controllers\AdminController->processGeneratePdf('15')
 3 SYSTEMPATH\CodeIgniter.php(933): App\Controllers\AdminController->verify('15')
 4 SYSTEMPATH\CodeIgniter.php(507): CodeIgniter\CodeIgniter->runController(Object(App\Controllers\AdminController))
 5 SYSTEMPATH\CodeIgniter.php(354): CodeIgniter\CodeIgniter->handleRequest(null, Object(Config\Cache), false)
 6 SYSTEMPATH\Boot.php(334): CodeIgniter\CodeIgniter->run()
 7 SYSTEMPATH\Boot.php(67): CodeIgniter\Boot::runCodeIgniter(Object(CodeIgniter\CodeIgniter))
 8 FCPATH\index.php(56): CodeIgniter\Boot::bootWeb(Object(Config\Paths))
 9 SYSTEMPATH\rewrite.php(44): require_once('C:\\PT Bukit Asam Tbk Unit Dermaga Kertapati\\Sistem Informasi Permintaan Surat Perobatan\\public\\index.php')
