DEBUG - 2025-04-15 00:04:51 --> Session: Class initialized using 'CodeIgniter\Session\Handlers\FileHandler' driver.
DEBUG - 2025-04-15 00:04:51 --> AuthFilter triggered. Session ID: 
DEBUG - 2025-04-15 00:05:54 --> Session: Class initialized using 'CodeIgniter\Session\Handlers\FileHandler' driver.
DEBUG - 2025-04-15 00:05:54 --> AuthFilter triggered. Session ID: 
DEBUG - 2025-04-15 00:05:57 --> Session: Class initialized using 'CodeIgniter\Session\Handlers\FileHandler' driver.
DEBUG - 2025-04-15 00:06:08 --> Session: Class initialized using 'CodeIgniter\Session\Handlers\FileHandler' driver.
DEBUG - 2025-04-15 00:06:09 --> Session: Class initialized using 'CodeIgniter\Session\Handlers\FileHandler' driver.
DEBUG - 2025-04-15 00:06:09 --> AuthFilter triggered. Session ID: 
DEBUG - 2025-04-15 00:06:14 --> Session: Class initialized using 'CodeIgniter\Session\Handlers\FileHandler' driver.
DEBUG - 2025-04-15 00:06:14 --> AuthFilter triggered. Session ID: 
DEBUG - 2025-04-15 00:06:17 --> Session: Class initialized using 'CodeIgniter\Session\Handlers\FileHandler' driver.
DEBUG - 2025-04-15 00:06:17 --> AuthFilter triggered. Session ID: 
DEBUG - 2025-04-15 00:06:17 --> Session: Class initialized using 'CodeIgniter\Session\Handlers\FileHandler' driver.
DEBUG - 2025-04-15 00:06:17 --> AuthFilter triggered. Session ID: 
DEBUG - 2025-04-15 00:06:19 --> Session: Class initialized using 'CodeIgniter\Session\Handlers\FileHandler' driver.
DEBUG - 2025-04-15 00:06:19 --> AuthFilter triggered. Session ID: 
DEBUG - 2025-04-15 00:07:02 --> Session: Class initialized using 'CodeIgniter\Session\Handlers\FileHandler' driver.
DEBUG - 2025-04-15 00:07:02 --> AuthFilter triggered. Session ID: 
DEBUG - 2025-04-15 00:07:08 --> Session: Class initialized using 'CodeIgniter\Session\Handlers\FileHandler' driver.
DEBUG - 2025-04-15 00:07:08 --> AuthFilter triggered. Session ID: 
DEBUG - 2025-04-15 00:07:10 --> Session: Class initialized using 'CodeIgniter\Session\Handlers\FileHandler' driver.
DEBUG - 2025-04-15 00:07:10 --> AuthFilter triggered. Session ID: 
DEBUG - 2025-04-15 00:07:12 --> Session: Class initialized using 'CodeIgniter\Session\Handlers\FileHandler' driver.
DEBUG - 2025-04-15 00:07:12 --> AuthFilter triggered. Session ID: 
DEBUG - 2025-04-15 00:07:13 --> Session: Class initialized using 'CodeIgniter\Session\Handlers\FileHandler' driver.
DEBUG - 2025-04-15 00:07:13 --> AuthFilter triggered. Session ID: 
DEBUG - 2025-04-15 00:07:14 --> Session: Class initialized using 'CodeIgniter\Session\Handlers\FileHandler' driver.
DEBUG - 2025-04-15 00:07:14 --> AuthFilter triggered. Session ID: 
DEBUG - 2025-04-15 00:07:16 --> Session: Class initialized using 'CodeIgniter\Session\Handlers\FileHandler' driver.
DEBUG - 2025-04-15 00:07:16 --> AuthFilter triggered. Session ID: 
DEBUG - 2025-04-15 00:08:02 --> Session: Class initialized using 'CodeIgniter\Session\Handlers\FileHandler' driver.
DEBUG - 2025-04-15 00:08:02 --> AuthFilter triggered. Session ID: 
DEBUG - 2025-04-15 00:08:06 --> Session: Class initialized using 'CodeIgniter\Session\Handlers\FileHandler' driver.
DEBUG - 2025-04-15 00:08:17 --> Session: Class initialized using 'CodeIgniter\Session\Handlers\FileHandler' driver.
DEBUG - 2025-04-15 00:08:17 --> Session: Class initialized using 'CodeIgniter\Session\Handlers\FileHandler' driver.
DEBUG - 2025-04-15 00:08:17 --> AuthFilter triggered. Session ID: 
DEBUG - 2025-04-15 00:08:54 --> Session: Class initialized using 'CodeIgniter\Session\Handlers\FileHandler' driver.
DEBUG - 2025-04-15 00:08:54 --> AuthFilter triggered. Session ID: 
DEBUG - 2025-04-15 00:08:57 --> Session: Class initialized using 'CodeIgniter\Session\Handlers\FileHandler' driver.
DEBUG - 2025-04-15 00:09:16 --> Session: Class initialized using 'CodeIgniter\Session\Handlers\FileHandler' driver.
DEBUG - 2025-04-15 00:09:16 --> Session: Class initialized using 'CodeIgniter\Session\Handlers\FileHandler' driver.
DEBUG - 2025-04-15 00:09:16 --> AuthFilter triggered. Session ID: 
DEBUG - 2025-04-15 00:09:24 --> Session: Class initialized using 'CodeIgniter\Session\Handlers\FileHandler' driver.
DEBUG - 2025-04-15 00:09:24 --> AuthFilter triggered. Session ID: 
DEBUG - 2025-04-15 00:09:27 --> Session: Class initialized using 'CodeIgniter\Session\Handlers\FileHandler' driver.
DEBUG - 2025-04-15 00:09:27 --> AuthFilter triggered. Session ID: 
DEBUG - 2025-04-15 00:09:27 --> Session: Class initialized using 'CodeIgniter\Session\Handlers\FileHandler' driver.
DEBUG - 2025-04-15 00:09:27 --> AuthFilter triggered. Session ID: 
DEBUG - 2025-04-15 00:09:28 --> Session: Class initialized using 'CodeIgniter\Session\Handlers\FileHandler' driver.
DEBUG - 2025-04-15 00:09:28 --> AuthFilter triggered. Session ID: 
DEBUG - 2025-04-15 00:12:01 --> Session: Class initialized using 'CodeIgniter\Session\Handlers\FileHandler' driver.
DEBUG - 2025-04-15 00:12:01 --> AuthFilter triggered. Session ID: 
DEBUG - 2025-04-15 00:12:03 --> Session: Class initialized using 'CodeIgniter\Session\Handlers\FileHandler' driver.
DEBUG - 2025-04-15 00:12:31 --> Session: Class initialized using 'CodeIgniter\Session\Handlers\FileHandler' driver.
DEBUG - 2025-04-15 00:12:31 --> Session: Class initialized using 'CodeIgniter\Session\Handlers\FileHandler' driver.
DEBUG - 2025-04-15 00:12:31 --> AuthFilter triggered. Session ID: 
DEBUG - 2025-04-15 00:13:19 --> Session: Class initialized using 'CodeIgniter\Session\Handlers\FileHandler' driver.
DEBUG - 2025-04-15 00:13:19 --> AuthFilter triggered. Session ID: 
DEBUG - 2025-04-15 00:14:02 --> Session: Class initialized using 'CodeIgniter\Session\Handlers\FileHandler' driver.
DEBUG - 2025-04-15 00:14:02 --> AuthFilter triggered. Session ID: 
DEBUG - 2025-04-15 00:15:12 --> Session: Class initialized using 'CodeIgniter\Session\Handlers\FileHandler' driver.
DEBUG - 2025-04-15 00:15:12 --> AuthFilter triggered. Session ID: 
DEBUG - 2025-04-15 00:17:50 --> Session: Class initialized using 'CodeIgniter\Session\Handlers\FileHandler' driver.
DEBUG - 2025-04-15 00:17:50 --> AuthFilter triggered. Session ID: 
DEBUG - 2025-04-15 00:17:52 --> Session: Class initialized using 'CodeIgniter\Session\Handlers\FileHandler' driver.
DEBUG - 2025-04-15 00:18:08 --> Session: Class initialized using 'CodeIgniter\Session\Handlers\FileHandler' driver.
DEBUG - 2025-04-15 00:18:08 --> Session: Class initialized using 'CodeIgniter\Session\Handlers\FileHandler' driver.
DEBUG - 2025-04-15 00:18:08 --> AuthFilter triggered. Session ID: 
DEBUG - 2025-04-15 00:23:50 --> Session: Class initialized using 'CodeIgniter\Session\Handlers\FileHandler' driver.
DEBUG - 2025-04-15 00:24:06 --> Session: Class initialized using 'CodeIgniter\Session\Handlers\FileHandler' driver.
DEBUG - 2025-04-15 00:24:06 --> Session: Class initialized using 'CodeIgniter\Session\Handlers\FileHandler' driver.
DEBUG - 2025-04-15 00:24:06 --> AuthFilter triggered. Session ID: 
DEBUG - 2025-04-15 00:28:46 --> Session: Class initialized using 'CodeIgniter\Session\Handlers\FileHandler' driver.
DEBUG - 2025-04-15 00:28:46 --> AuthFilter triggered. Session ID: 
DEBUG - 2025-04-15 00:33:41 --> Session: Class initialized using 'CodeIgniter\Session\Handlers\FileHandler' driver.
DEBUG - 2025-04-15 00:33:41 --> AuthFilter triggered. Session ID: 
DEBUG - 2025-04-15 00:34:23 --> Session: Class initialized using 'CodeIgniter\Session\Handlers\FileHandler' driver.
DEBUG - 2025-04-15 00:34:23 --> AuthFilter triggered. Session ID: 
DEBUG - 2025-04-15 00:38:18 --> Session: Class initialized using 'CodeIgniter\Session\Handlers\FileHandler' driver.
DEBUG - 2025-04-15 00:38:18 --> AuthFilter triggered. Session ID: 
DEBUG - 2025-04-15 00:38:21 --> Session: Class initialized using 'CodeIgniter\Session\Handlers\FileHandler' driver.
DEBUG - 2025-04-15 00:38:40 --> Session: Class initialized using 'CodeIgniter\Session\Handlers\FileHandler' driver.
DEBUG - 2025-04-15 00:38:40 --> Session: Class initialized using 'CodeIgniter\Session\Handlers\FileHandler' driver.
DEBUG - 2025-04-15 00:38:40 --> AuthFilter triggered. Session ID: 
DEBUG - 2025-04-15 00:53:20 --> Session: Class initialized using 'CodeIgniter\Session\Handlers\FileHandler' driver.
DEBUG - 2025-04-15 00:53:20 --> AuthFilter triggered. Session ID: 
DEBUG - 2025-04-15 00:53:21 --> Session: Class initialized using 'CodeIgniter\Session\Handlers\FileHandler' driver.
DEBUG - 2025-04-15 00:53:21 --> AuthFilter triggered. Session ID: 
DEBUG - 2025-04-15 00:53:24 --> Session: Class initialized using 'CodeIgniter\Session\Handlers\FileHandler' driver.
DEBUG - 2025-04-15 00:53:24 --> AuthFilter triggered. Session ID: 
DEBUG - 2025-04-15 00:53:26 --> Session: Class initialized using 'CodeIgniter\Session\Handlers\FileHandler' driver.
DEBUG - 2025-04-15 00:53:26 --> AuthFilter triggered. Session ID: 
DEBUG - 2025-04-15 00:53:26 --> Session: Class initialized using 'CodeIgniter\Session\Handlers\FileHandler' driver.
DEBUG - 2025-04-15 00:53:26 --> AuthFilter triggered. Session ID: 
DEBUG - 2025-04-15 00:53:29 --> Session: Class initialized using 'CodeIgniter\Session\Handlers\FileHandler' driver.
DEBUG - 2025-04-15 00:53:29 --> AuthFilter triggered. Session ID: 
DEBUG - 2025-04-15 00:54:43 --> Session: Class initialized using 'CodeIgniter\Session\Handlers\FileHandler' driver.
DEBUG - 2025-04-15 00:54:43 --> AuthFilter triggered. Session ID: 
DEBUG - 2025-04-15 00:54:45 --> Session: Class initialized using 'CodeIgniter\Session\Handlers\FileHandler' driver.
DEBUG - 2025-04-15 00:54:45 --> AuthFilter triggered. Session ID: 
DEBUG - 2025-04-15 00:57:51 --> Session: Class initialized using 'CodeIgniter\Session\Handlers\FileHandler' driver.
DEBUG - 2025-04-15 00:57:51 --> AuthFilter triggered. Session ID: 
DEBUG - 2025-04-15 00:57:53 --> Session: Class initialized using 'CodeIgniter\Session\Handlers\FileHandler' driver.
DEBUG - 2025-04-15 00:57:53 --> AuthFilter triggered. Session ID: 
DEBUG - 2025-04-15 00:57:55 --> Session: Class initialized using 'CodeIgniter\Session\Handlers\FileHandler' driver.
DEBUG - 2025-04-15 00:57:55 --> AuthFilter triggered. Session ID: 
CRITICAL - 2025-04-15 00:57:55 --> ErrorException: Undefined array key "email"
[Method: POST, Route: admin/verifikasi/13]
in APPPATH\Controllers\AdminController.php on line 74.
 1 APPPATH\Controllers\AdminController.php(74): CodeIgniter\Debug\Exceptions->errorHandler(2, 'Undefined array key "email"', 'C:\\PT Bukit Asam Tbk Unit Dermaga Kertapati\\Sistem Informasi Permintaan Surat Perobatan\\app\\Controllers\\AdminController.php', 74)
 2 APPPATH\Controllers\AdminController.php(48): App\Controllers\AdminController->processGeneratePdf('13')
 3 SYSTEMPATH\CodeIgniter.php(933): App\Controllers\AdminController->verify('13')
 4 SYSTEMPATH\CodeIgniter.php(507): CodeIgniter\CodeIgniter->runController(Object(App\Controllers\AdminController))
 5 SYSTEMPATH\CodeIgniter.php(354): CodeIgniter\CodeIgniter->handleRequest(null, Object(Config\Cache), false)
 6 SYSTEMPATH\Boot.php(334): CodeIgniter\CodeIgniter->run()
 7 SYSTEMPATH\Boot.php(67): CodeIgniter\Boot::runCodeIgniter(Object(CodeIgniter\CodeIgniter))
 8 FCPATH\index.php(56): CodeIgniter\Boot::bootWeb(Object(Config\Paths))
 9 SYSTEMPATH\rewrite.php(44): require_once('C:\\PT Bukit Asam Tbk Unit Dermaga Kertapati\\Sistem Informasi Permintaan Surat Perobatan\\public\\index.php')
DEBUG - 2025-04-15 00:57:59 --> Session: Class initialized using 'CodeIgniter\Session\Handlers\FileHandler' driver.
DEBUG - 2025-04-15 00:57:59 --> AuthFilter triggered. Session ID: 
DEBUG - 2025-04-15 00:58:24 --> Session: Class initialized using 'CodeIgniter\Session\Handlers\FileHandler' driver.
DEBUG - 2025-04-15 00:58:24 --> AuthFilter triggered. Session ID: 
DEBUG - 2025-04-15 00:58:54 --> Session: Class initialized using 'CodeIgniter\Session\Handlers\FileHandler' driver.
DEBUG - 2025-04-15 00:58:54 --> AuthFilter triggered. Session ID: 
DEBUG - 2025-04-15 00:58:55 --> Session: Class initialized using 'CodeIgniter\Session\Handlers\FileHandler' driver.
DEBUG - 2025-04-15 00:58:55 --> AuthFilter triggered. Session ID: 
DEBUG - 2025-04-15 00:58:56 --> Session: Class initialized using 'CodeIgniter\Session\Handlers\FileHandler' driver.
DEBUG - 2025-04-15 00:58:56 --> AuthFilter triggered. Session ID: 
DEBUG - 2025-04-15 00:59:33 --> Session: Class initialized using 'CodeIgniter\Session\Handlers\FileHandler' driver.
DEBUG - 2025-04-15 00:59:33 --> AuthFilter triggered. Session ID: 
DEBUG - 2025-04-15 00:59:42 --> Session: Class initialized using 'CodeIgniter\Session\Handlers\FileHandler' driver.
DEBUG - 2025-04-15 00:59:42 --> AuthFilter triggered. Session ID: 
DEBUG - 2025-04-15 00:59:44 --> Session: Class initialized using 'CodeIgniter\Session\Handlers\FileHandler' driver.
DEBUG - 2025-04-15 00:59:44 --> AuthFilter triggered. Session ID: 
DEBUG - 2025-04-15 00:59:44 --> Session: Class initialized using 'CodeIgniter\Session\Handlers\FileHandler' driver.
DEBUG - 2025-04-15 00:59:44 --> AuthFilter triggered. Session ID: 
DEBUG - 2025-04-15 01:03:40 --> Session: Class initialized using 'CodeIgniter\Session\Handlers\FileHandler' driver.
DEBUG - 2025-04-15 01:03:40 --> AuthFilter triggered. Session ID: 
DEBUG - 2025-04-15 01:08:59 --> Session: Class initialized using 'CodeIgniter\Session\Handlers\FileHandler' driver.
DEBUG - 2025-04-15 01:08:59 --> AuthFilter triggered. Session ID: 
DEBUG - 2025-04-15 01:09:01 --> Session: Class initialized using 'CodeIgniter\Session\Handlers\FileHandler' driver.
DEBUG - 2025-04-15 01:09:01 --> AuthFilter triggered. Session ID: 
DEBUG - 2025-04-15 01:09:10 --> Session: Class initialized using 'CodeIgniter\Session\Handlers\FileHandler' driver.
DEBUG - 2025-04-15 01:09:10 --> AuthFilter triggered. Session ID: 
DEBUG - 2025-04-15 01:09:11 --> Session: Class initialized using 'CodeIgniter\Session\Handlers\FileHandler' driver.
DEBUG - 2025-04-15 01:09:11 --> AuthFilter triggered. Session ID: 
INFO - 2025-04-15 01:09:12 --> PDF disimpan di: C:\PT Bukit Asam Tbk Unit Dermaga Kertapati\Sistem Informasi Permintaan Surat Perobatan\writable\uploads/surat_13.pdf
DEBUG - 2025-04-15 01:09:12 --> Session: Class initialized using 'CodeIgniter\Session\Handlers\FileHandler' driver.
DEBUG - 2025-04-15 01:09:12 --> AuthFilter triggered. Session ID: 
DEBUG - 2025-04-15 01:09:38 --> Session: Class initialized using 'CodeIgniter\Session\Handlers\FileHandler' driver.
DEBUG - 2025-04-15 01:09:38 --> AuthFilter triggered. Session ID: 
DEBUG - 2025-04-15 01:19:45 --> Session: Class initialized using 'CodeIgniter\Session\Handlers\FileHandler' driver.
DEBUG - 2025-04-15 01:19:45 --> AuthFilter triggered. Session ID: 
DEBUG - 2025-04-15 01:19:58 --> Session: Class initialized using 'CodeIgniter\Session\Handlers\FileHandler' driver.
DEBUG - 2025-04-15 01:19:58 --> AuthFilter triggered. Session ID: 
DEBUG - 2025-04-15 01:19:59 --> Session: Class initialized using 'CodeIgniter\Session\Handlers\FileHandler' driver.
DEBUG - 2025-04-15 01:19:59 --> AuthFilter triggered. Session ID: 
INFO - 2025-04-15 01:19:59 --> PDF disimpan di: C:\PT Bukit Asam Tbk Unit Dermaga Kertapati\Sistem Informasi Permintaan Surat Perobatan\writable\uploads/surat_13.pdf
DEBUG - 2025-04-15 01:20:00 --> Session: Class initialized using 'CodeIgniter\Session\Handlers\FileHandler' driver.
DEBUG - 2025-04-15 01:20:00 --> AuthFilter triggered. Session ID: 
DEBUG - 2025-04-15 01:20:00 --> Session: Class initialized using 'CodeIgniter\Session\Handlers\FileHandler' driver.
DEBUG - 2025-04-15 01:20:00 --> AuthFilter triggered. Session ID: 
