DEBUG - 2025-03-25 00:00:00 --> Session: Class initialized using 'CodeIgniter\Session\Handlers\FileHandler' driver.
DEBUG - 2025-03-25 00:00:00 --> Session: Class initialized using 'CodeIgniter\Session\Handlers\FileHandler' driver.
DEBUG - 2025-03-25 00:00:00 --> AuthFilter triggered. Session ID: 
DEBUG - 2025-03-25 00:00:15 --> Session: Class initialized using 'CodeIgniter\Session\Handlers\FileHandler' driver.
DEBUG - 2025-03-25 00:00:15 --> Session: Class initialized using 'CodeIgniter\Session\Handlers\FileHandler' driver.
DEBUG - 2025-03-25 00:00:15 --> AuthFilter triggered. Session ID: 
DEBUG - 2025-03-25 00:18:58 --> Session: Class initialized using 'CodeIgniter\Session\Handlers\FileHandler' driver.
DEBUG - 2025-03-25 00:18:59 --> Session: Class initialized using 'CodeIgniter\Session\Handlers\FileHandler' driver.
DEBUG - 2025-03-25 00:18:59 --> AuthFilter triggered. Session ID: 
DEBUG - 2025-03-25 00:19:01 --> Session: Class initialized using 'CodeIgniter\Session\Handlers\FileHandler' driver.
DEBUG - 2025-03-25 00:19:01 --> AuthFilter triggered. Session ID: 
CRITICAL - 2025-03-25 00:19:01 --> ErrorException: Undefined array key "nama"
[Method: GET, Route: admin/detail/4]
in APPPATH\Views\pages\admin\detail_info.php on line 18.
 1 APPPATH\Views\pages\admin\detail_info.php(18): CodeIgniter\Debug\Exceptions->errorHandler(2, 'Undefined array key "nama"', 'C:\\projectweb\\Sistem Informasi Permintaan Surat Perobatan\\app\\Views\\pages\\admin\\detail_info.php', 18)
 2 SYSTEMPATH\View\View.php(224): include('C:\\projectweb\\Sistem Informasi Permintaan Surat Perobatan\\app\\Views\\pages\\admin\\detail_info.php')
 3 SYSTEMPATH\View\View.php(227): CodeIgniter\View\View->CodeIgniter\View\{closure}()
 4 SYSTEMPATH\Common.php(1173): CodeIgniter\View\View->render('pages/admin/detail_info', [], true)
 5 APPPATH\Controllers\AdminController.php(35): view('pages/admin/detail_info', [...])
 6 SYSTEMPATH\CodeIgniter.php(933): App\Controllers\AdminController->detail('4')
 7 SYSTEMPATH\CodeIgniter.php(507): CodeIgniter\CodeIgniter->runController(Object(App\Controllers\AdminController))
 8 SYSTEMPATH\CodeIgniter.php(354): CodeIgniter\CodeIgniter->handleRequest(null, Object(Config\Cache), false)
 9 SYSTEMPATH\Boot.php(334): CodeIgniter\CodeIgniter->run()
10 SYSTEMPATH\Boot.php(67): CodeIgniter\Boot::runCodeIgniter(Object(CodeIgniter\CodeIgniter))
11 FCPATH\index.php(56): CodeIgniter\Boot::bootWeb(Object(Config\Paths))
12 SYSTEMPATH\rewrite.php(44): require_once('C:\\projectweb\\Sistem Informasi Permintaan Surat Perobatan\\public\\index.php')
DEBUG - 2025-03-25 00:20:26 --> Session: Class initialized using 'CodeIgniter\Session\Handlers\FileHandler' driver.
DEBUG - 2025-03-25 00:20:26 --> AuthFilter triggered. Session ID: 
DEBUG - 2025-03-25 00:20:38 --> Session: Class initialized using 'CodeIgniter\Session\Handlers\FileHandler' driver.
DEBUG - 2025-03-25 00:20:38 --> AuthFilter triggered. Session ID: 
DEBUG - 2025-03-25 00:25:09 --> Session: Class initialized using 'CodeIgniter\Session\Handlers\FileHandler' driver.
DEBUG - 2025-03-25 00:25:09 --> AuthFilter triggered. Session ID: 
DEBUG - 2025-03-25 00:27:36 --> Session: Class initialized using 'CodeIgniter\Session\Handlers\FileHandler' driver.
DEBUG - 2025-03-25 00:27:36 --> AuthFilter triggered. Session ID: 
CRITICAL - 2025-03-25 00:27:40 --> ErrorException: preg_match(): Compilation failed: missing closing parenthesis at offset 26
[Method: POST, Route: admin/verifikasi/4]
in SYSTEMPATH\Router\Router.php on line 434.
 1 [internal function]: CodeIgniter\Debug\Exceptions->errorHandler(2, 'preg_match(): Compilation failed: missing closing parenthesis at offset 26', 'C:\\projectweb\\Sistem Informasi Permintaan Surat Perobatan\\system\\Router\\Router.php', 434)
 2 SYSTEMPATH\Router\Router.php(434): preg_match('#^admin/verifikasi/([0-9]+$#u', 'admin/verifikasi/4', [])
 3 SYSTEMPATH\Router\Router.php(213): CodeIgniter\Router\Router->checkRoutes('admin/verifikasi/4')
 4 SYSTEMPATH\CodeIgniter.php(832): CodeIgniter\Router\Router->handle('admin/verifikasi/4')
 5 SYSTEMPATH\CodeIgniter.php(455): CodeIgniter\CodeIgniter->tryToRouteIt(Object(CodeIgniter\Router\RouteCollection))
 6 SYSTEMPATH\CodeIgniter.php(354): CodeIgniter\CodeIgniter->handleRequest(null, Object(Config\Cache), false)
 7 SYSTEMPATH\Boot.php(334): CodeIgniter\CodeIgniter->run()
 8 SYSTEMPATH\Boot.php(67): CodeIgniter\Boot::runCodeIgniter(Object(CodeIgniter\CodeIgniter))
 9 FCPATH\index.php(56): CodeIgniter\Boot::bootWeb(Object(Config\Paths))
10 SYSTEMPATH\rewrite.php(44): require_once('C:\\projectweb\\Sistem Informasi Permintaan Surat Perobatan\\public\\index.php')
DEBUG - 2025-03-25 00:31:43 --> Session: Class initialized using 'CodeIgniter\Session\Handlers\FileHandler' driver.
DEBUG - 2025-03-25 00:31:43 --> AuthFilter triggered. Session ID: 
DEBUG - 2025-03-25 00:31:46 --> Session: Class initialized using 'CodeIgniter\Session\Handlers\FileHandler' driver.
DEBUG - 2025-03-25 00:31:46 --> AuthFilter triggered. Session ID: 
DEBUG - 2025-03-25 00:31:52 --> Session: Class initialized using 'CodeIgniter\Session\Handlers\FileHandler' driver.
DEBUG - 2025-03-25 00:31:52 --> AuthFilter triggered. Session ID: 
DEBUG - 2025-03-25 00:32:38 --> Session: Class initialized using 'CodeIgniter\Session\Handlers\FileHandler' driver.
DEBUG - 2025-03-25 00:32:38 --> AuthFilter triggered. Session ID: 
DEBUG - 2025-03-25 00:32:43 --> Session: Class initialized using 'CodeIgniter\Session\Handlers\FileHandler' driver.
DEBUG - 2025-03-25 00:32:43 --> AuthFilter triggered. Session ID: 
DEBUG - 2025-03-25 00:32:48 --> Session: Class initialized using 'CodeIgniter\Session\Handlers\FileHandler' driver.
DEBUG - 2025-03-25 00:32:48 --> AuthFilter triggered. Session ID: 
DEBUG - 2025-03-25 00:32:51 --> Session: Class initialized using 'CodeIgniter\Session\Handlers\FileHandler' driver.
DEBUG - 2025-03-25 00:32:51 --> AuthFilter triggered. Session ID: 
DEBUG - 2025-03-25 23:36:20 --> Session: Class initialized using 'CodeIgniter\Session\Handlers\FileHandler' driver.
DEBUG - 2025-03-25 23:36:36 --> Session: Class initialized using 'CodeIgniter\Session\Handlers\FileHandler' driver.
DEBUG - 2025-03-25 23:36:37 --> Session: Class initialized using 'CodeIgniter\Session\Handlers\FileHandler' driver.
DEBUG - 2025-03-25 23:36:37 --> AuthFilter triggered. Session ID: 
DEBUG - 2025-03-25 23:37:41 --> Session: Class initialized using 'CodeIgniter\Session\Handlers\FileHandler' driver.
DEBUG - 2025-03-25 23:37:41 --> AuthFilter triggered. Session ID: 
DEBUG - 2025-03-25 23:37:44 --> Session: Class initialized using 'CodeIgniter\Session\Handlers\FileHandler' driver.
DEBUG - 2025-03-25 23:37:55 --> Session: Class initialized using 'CodeIgniter\Session\Handlers\FileHandler' driver.
DEBUG - 2025-03-25 23:37:55 --> Session: Class initialized using 'CodeIgniter\Session\Handlers\FileHandler' driver.
DEBUG - 2025-03-25 23:37:55 --> AuthFilter triggered. Session ID: 
DEBUG - 2025-03-25 23:38:05 --> Session: Class initialized using 'CodeIgniter\Session\Handlers\FileHandler' driver.
DEBUG - 2025-03-25 23:38:05 --> AuthFilter triggered. Session ID: 
DEBUG - 2025-03-25 23:48:27 --> Session: Class initialized using 'CodeIgniter\Session\Handlers\FileHandler' driver.
DEBUG - 2025-03-25 23:48:27 --> AuthFilter triggered. Session ID: 
DEBUG - 2025-03-25 23:48:32 --> Session: Class initialized using 'CodeIgniter\Session\Handlers\FileHandler' driver.
DEBUG - 2025-03-25 23:48:32 --> AuthFilter triggered. Session ID: 
DEBUG - 2025-03-25 23:48:35 --> Session: Class initialized using 'CodeIgniter\Session\Handlers\FileHandler' driver.
DEBUG - 2025-03-25 23:49:06 --> Session: Class initialized using 'CodeIgniter\Session\Handlers\FileHandler' driver.
DEBUG - 2025-03-25 23:49:06 --> Session: Class initialized using 'CodeIgniter\Session\Handlers\FileHandler' driver.
DEBUG - 2025-03-25 23:49:06 --> AuthFilter triggered. Session ID: 
DEBUG - 2025-03-25 23:49:08 --> Session: Class initialized using 'CodeIgniter\Session\Handlers\FileHandler' driver.
DEBUG - 2025-03-25 23:49:08 --> AuthFilter triggered. Session ID: 
DEBUG - 2025-03-25 23:49:10 --> Session: Class initialized using 'CodeIgniter\Session\Handlers\FileHandler' driver.
DEBUG - 2025-03-25 23:49:10 --> AuthFilter triggered. Session ID: 
CRITICAL - 2025-03-25 23:49:11 --> CodeIgniter\View\Exceptions\ViewException: Invalid file: "pages/admin/template_surat.php"
[Method: GET, Route: admin/generate-pdf/4]
in SYSTEMPATH\Exceptions\FrameworkException.php on line 39.
 1 SYSTEMPATH\View\View.php(212): CodeIgniter\Exceptions\FrameworkException::forInvalidFile('pages/admin/template_surat.php')
 2 SYSTEMPATH\Common.php(1173): CodeIgniter\View\View->render('pages/admin/template_surat', [], true)
 3 APPPATH\Controllers\AdminController.php(60): view('pages/admin/template_surat', [...])
 4 SYSTEMPATH\CodeIgniter.php(933): App\Controllers\AdminController->generatePdf('4')
 5 SYSTEMPATH\CodeIgniter.php(507): CodeIgniter\CodeIgniter->runController(Object(App\Controllers\AdminController))
 6 SYSTEMPATH\CodeIgniter.php(354): CodeIgniter\CodeIgniter->handleRequest(null, Object(Config\Cache), false)
 7 SYSTEMPATH\Boot.php(334): CodeIgniter\CodeIgniter->run()
 8 SYSTEMPATH\Boot.php(67): CodeIgniter\Boot::runCodeIgniter(Object(CodeIgniter\CodeIgniter))
 9 FCPATH\index.php(56): CodeIgniter\Boot::bootWeb(Object(Config\Paths))
10 SYSTEMPATH\rewrite.php(44): require_once('C:\\projectweb\\Sistem Informasi Permintaan Surat Perobatan\\public\\index.php')
DEBUG - 2025-03-25 23:51:44 --> Session: Class initialized using 'CodeIgniter\Session\Handlers\FileHandler' driver.
DEBUG - 2025-03-25 23:51:44 --> AuthFilter triggered. Session ID: 
DEBUG - 2025-03-25 23:51:46 --> Session: Class initialized using 'CodeIgniter\Session\Handlers\FileHandler' driver.
DEBUG - 2025-03-25 23:51:46 --> AuthFilter triggered. Session ID: 
ERROR - 2025-03-25 23:52:08 --> Email gagal dikirim: SMTP Error: Could not connect to SMTP host. Failed to connect to serverSMTP server error: Failed to connect to server SMTP code: 10060 Additional SMTP info: A connection attempt failed because the connected party did not properly respond after a period of time, or established connection failed because connected host has failed to respond
DEBUG - 2025-03-25 23:55:36 --> Session: Class initialized using 'CodeIgniter\Session\Handlers\FileHandler' driver.
DEBUG - 2025-03-25 23:55:36 --> AuthFilter triggered. Session ID: 
ERROR - 2025-03-25 23:55:56 --> Email gagal dikirim: SMTP Error: Could not connect to SMTP host. Failed to connect to serverSMTP server error: Failed to connect to server SMTP code: 10060 Additional SMTP info: A connection attempt failed because the connected party did not properly respond after a period of time, or established connection failed because connected host has failed to respond
