DEBUG - 2025-05-27 00:01:56 --> Session: Class initialized using 'CodeIgniter\Session\Handlers\FileHandler' driver.
DEBUG - 2025-05-27 00:01:56 --> Session: Class initialized using 'CodeIgniter\Session\Handlers\FileHandler' driver.
WARNING - 2025-05-27 00:01:56 --> [DEPRECATED] Creation of dynamic property App\Controllers\AdminController::$dompdfOptions is deprecated in APPPATH\Controllers\AdminController.php on line 26.
 1 SYSTEMPATH\CodeIgniter.php(903): App\Controllers\AdminController->__construct()
 2 SYSTEMPATH\CodeIgniter.php(498): CodeIgniter\CodeIgniter->createController()
 3 SYSTEMPATH\CodeIgniter.php(354): CodeIgniter\CodeIgniter->handleRequest(null, Object(Config\Cache), false)
 4 SYSTEMPATH\Boot.php(334): CodeIgniter\CodeIgniter->run()
 5 SYSTEMPATH\Boot.php(67): CodeIgniter\Boot::runCodeIgniter(Object(CodeIgniter\CodeIgniter))
 6 FCPATH\index.php(56): CodeIgniter\Boot::bootWeb(Object(Config\Paths))
 7 SYSTEMPATH\rewrite.php(44): require_once('C:\\PT Bukit Asam Tbk Unit Dermaga Kertapati\\Sistem Informasi Permintaan Surat Perobatan\\public\\index.php')
DEBUG - 2025-05-27 00:03:09 --> Session: Class initialized using 'CodeIgniter\Session\Handlers\FileHandler' driver.
DEBUG - 2025-05-27 00:03:10 --> Session: Class initialized using 'CodeIgniter\Session\Handlers\FileHandler' driver.
DEBUG - 2025-05-27 00:03:19 --> Session: Class initialized using 'CodeIgniter\Session\Handlers\FileHandler' driver.
DEBUG - 2025-05-27 00:03:19 --> Session: Class initialized using 'CodeIgniter\Session\Handlers\FileHandler' driver.
DEBUG - 2025-05-27 00:06:07 --> Session: Class initialized using 'CodeIgniter\Session\Handlers\FileHandler' driver.
DEBUG - 2025-05-27 00:06:10 --> Session: Class initialized using 'CodeIgniter\Session\Handlers\FileHandler' driver.
DEBUG - 2025-05-27 00:06:10 --> Session: Class initialized using 'CodeIgniter\Session\Handlers\FileHandler' driver.
DEBUG - 2025-05-27 00:06:44 --> Session: Class initialized using 'CodeIgniter\Session\Handlers\FileHandler' driver.
DEBUG - 2025-05-27 00:06:44 --> Session: Class initialized using 'CodeIgniter\Session\Handlers\FileHandler' driver.
WARNING - 2025-05-27 00:06:44 --> [DEPRECATED] Creation of dynamic property App\Controllers\AdminController::$dompdfOptions is deprecated in APPPATH\Controllers\AdminController.php on line 26.
 1 SYSTEMPATH\CodeIgniter.php(903): App\Controllers\AdminController->__construct()
 2 SYSTEMPATH\CodeIgniter.php(498): CodeIgniter\CodeIgniter->createController()
 3 SYSTEMPATH\CodeIgniter.php(354): CodeIgniter\CodeIgniter->handleRequest(null, Object(Config\Cache), false)
 4 SYSTEMPATH\Boot.php(334): CodeIgniter\CodeIgniter->run()
 5 SYSTEMPATH\Boot.php(67): CodeIgniter\Boot::runCodeIgniter(Object(CodeIgniter\CodeIgniter))
 6 FCPATH\index.php(56): CodeIgniter\Boot::bootWeb(Object(Config\Paths))
 7 SYSTEMPATH\rewrite.php(44): require_once('C:\\PT Bukit Asam Tbk Unit Dermaga Kertapati\\Sistem Informasi Permintaan Surat Perobatan\\public\\index.php')
DEBUG - 2025-05-27 00:06:47 --> Session: Class initialized using 'CodeIgniter\Session\Handlers\FileHandler' driver.
DEBUG - 2025-05-27 00:06:48 --> Session: Class initialized using 'CodeIgniter\Session\Handlers\FileHandler' driver.
DEBUG - 2025-05-27 00:06:51 --> Session: Class initialized using 'CodeIgniter\Session\Handlers\FileHandler' driver.
DEBUG - 2025-05-27 00:06:51 --> Session: Class initialized using 'CodeIgniter\Session\Handlers\FileHandler' driver.
DEBUG - 2025-05-27 00:08:20 --> Session: Class initialized using 'CodeIgniter\Session\Handlers\FileHandler' driver.
DEBUG - 2025-05-27 00:08:23 --> Session: Class initialized using 'CodeIgniter\Session\Handlers\FileHandler' driver.
DEBUG - 2025-05-27 00:08:23 --> Session: Class initialized using 'CodeIgniter\Session\Handlers\FileHandler' driver.
DEBUG - 2025-05-27 00:20:58 --> Session: Class initialized using 'CodeIgniter\Session\Handlers\FileHandler' driver.
DEBUG - 2025-05-27 00:42:52 --> Session: Class initialized using 'CodeIgniter\Session\Handlers\FileHandler' driver.
DEBUG - 2025-05-27 00:42:52 --> Session: Class initialized using 'CodeIgniter\Session\Handlers\FileHandler' driver.
WARNING - 2025-05-27 00:42:52 --> [DEPRECATED] Creation of dynamic property App\Controllers\AdminController::$dompdfOptions is deprecated in APPPATH\Controllers\AdminController.php on line 26.
 1 SYSTEMPATH\CodeIgniter.php(903): App\Controllers\AdminController->__construct()
 2 SYSTEMPATH\CodeIgniter.php(498): CodeIgniter\CodeIgniter->createController()
 3 SYSTEMPATH\CodeIgniter.php(354): CodeIgniter\CodeIgniter->handleRequest(null, Object(Config\Cache), false)
 4 SYSTEMPATH\Boot.php(334): CodeIgniter\CodeIgniter->run()
 5 SYSTEMPATH\Boot.php(67): CodeIgniter\Boot::runCodeIgniter(Object(CodeIgniter\CodeIgniter))
 6 FCPATH\index.php(56): CodeIgniter\Boot::bootWeb(Object(Config\Paths))
 7 SYSTEMPATH\rewrite.php(44): require_once('C:\\PT Bukit Asam Tbk Unit Dermaga Kertapati\\Sistem Informasi Permintaan Surat Perobatan\\public\\index.php')
DEBUG - 2025-05-27 00:42:55 --> Session: Class initialized using 'CodeIgniter\Session\Handlers\FileHandler' driver.
WARNING - 2025-05-27 00:42:55 --> [DEPRECATED] Creation of dynamic property App\Controllers\AdminController::$dompdfOptions is deprecated in APPPATH\Controllers\AdminController.php on line 26.
 1 SYSTEMPATH\CodeIgniter.php(903): App\Controllers\AdminController->__construct()
 2 SYSTEMPATH\CodeIgniter.php(498): CodeIgniter\CodeIgniter->createController()
 3 SYSTEMPATH\CodeIgniter.php(354): CodeIgniter\CodeIgniter->handleRequest(null, Object(Config\Cache), false)
 4 SYSTEMPATH\Boot.php(334): CodeIgniter\CodeIgniter->run()
 5 SYSTEMPATH\Boot.php(67): CodeIgniter\Boot::runCodeIgniter(Object(CodeIgniter\CodeIgniter))
 6 FCPATH\index.php(56): CodeIgniter\Boot::bootWeb(Object(Config\Paths))
 7 SYSTEMPATH\rewrite.php(44): require_once('C:\\PT Bukit Asam Tbk Unit Dermaga Kertapati\\Sistem Informasi Permintaan Surat Perobatan\\public\\index.php')
DEBUG - 2025-05-27 00:42:58 --> Session: Class initialized using 'CodeIgniter\Session\Handlers\FileHandler' driver.
WARNING - 2025-05-27 00:42:58 --> [DEPRECATED] Creation of dynamic property App\Controllers\AdminController::$dompdfOptions is deprecated in APPPATH\Controllers\AdminController.php on line 26.
 1 SYSTEMPATH\CodeIgniter.php(903): App\Controllers\AdminController->__construct()
 2 SYSTEMPATH\CodeIgniter.php(498): CodeIgniter\CodeIgniter->createController()
 3 SYSTEMPATH\CodeIgniter.php(354): CodeIgniter\CodeIgniter->handleRequest(null, Object(Config\Cache), false)
 4 SYSTEMPATH\Boot.php(334): CodeIgniter\CodeIgniter->run()
 5 SYSTEMPATH\Boot.php(67): CodeIgniter\Boot::runCodeIgniter(Object(CodeIgniter\CodeIgniter))
 6 FCPATH\index.php(56): CodeIgniter\Boot::bootWeb(Object(Config\Paths))
 7 SYSTEMPATH\rewrite.php(44): require_once('C:\\PT Bukit Asam Tbk Unit Dermaga Kertapati\\Sistem Informasi Permintaan Surat Perobatan\\public\\index.php')
DEBUG - 2025-05-27 00:43:11 --> Session: Class initialized using 'CodeIgniter\Session\Handlers\FileHandler' driver.
WARNING - 2025-05-27 00:43:11 --> [DEPRECATED] Creation of dynamic property App\Controllers\AdminController::$dompdfOptions is deprecated in APPPATH\Controllers\AdminController.php on line 26.
 1 SYSTEMPATH\CodeIgniter.php(903): App\Controllers\AdminController->__construct()
 2 SYSTEMPATH\CodeIgniter.php(498): CodeIgniter\CodeIgniter->createController()
 3 SYSTEMPATH\CodeIgniter.php(354): CodeIgniter\CodeIgniter->handleRequest(null, Object(Config\Cache), false)
 4 SYSTEMPATH\Boot.php(334): CodeIgniter\CodeIgniter->run()
 5 SYSTEMPATH\Boot.php(67): CodeIgniter\Boot::runCodeIgniter(Object(CodeIgniter\CodeIgniter))
 6 FCPATH\index.php(56): CodeIgniter\Boot::bootWeb(Object(Config\Paths))
 7 SYSTEMPATH\rewrite.php(44): require_once('C:\\PT Bukit Asam Tbk Unit Dermaga Kertapati\\Sistem Informasi Permintaan Surat Perobatan\\public\\index.php')
DEBUG - 2025-05-27 00:48:50 --> Session: Class initialized using 'CodeIgniter\Session\Handlers\FileHandler' driver.
DEBUG - 2025-05-27 00:48:52 --> Session: Class initialized using 'CodeIgniter\Session\Handlers\FileHandler' driver.
DEBUG - 2025-05-27 00:48:57 --> Session: Class initialized using 'CodeIgniter\Session\Handlers\FileHandler' driver.
DEBUG - 2025-05-27 00:48:57 --> Session: Class initialized using 'CodeIgniter\Session\Handlers\FileHandler' driver.
DEBUG - 2025-05-27 01:20:29 --> Session: Class initialized using 'CodeIgniter\Session\Handlers\FileHandler' driver.
DEBUG - 2025-05-27 01:20:30 --> Session: Class initialized using 'CodeIgniter\Session\Handlers\FileHandler' driver.
DEBUG - 2025-05-27 01:20:32 --> Session: Class initialized using 'CodeIgniter\Session\Handlers\FileHandler' driver.
DEBUG - 2025-05-27 01:20:33 --> Session: Class initialized using 'CodeIgniter\Session\Handlers\FileHandler' driver.
DEBUG - 2025-05-27 01:21:09 --> Session: Class initialized using 'CodeIgniter\Session\Handlers\FileHandler' driver.
DEBUG - 2025-05-27 01:21:10 --> Session: Class initialized using 'CodeIgniter\Session\Handlers\FileHandler' driver.
DEBUG - 2025-05-27 01:21:15 --> Session: Class initialized using 'CodeIgniter\Session\Handlers\FileHandler' driver.
DEBUG - 2025-05-27 01:21:16 --> Session: Class initialized using 'CodeIgniter\Session\Handlers\FileHandler' driver.
DEBUG - 2025-05-27 01:21:24 --> Session: Class initialized using 'CodeIgniter\Session\Handlers\FileHandler' driver.
DEBUG - 2025-05-27 01:21:24 --> Session: Class initialized using 'CodeIgniter\Session\Handlers\FileHandler' driver.
WARNING - 2025-05-27 01:21:24 --> [DEPRECATED] Creation of dynamic property App\Controllers\AdminController::$dompdfOptions is deprecated in APPPATH\Controllers\AdminController.php on line 26.
 1 SYSTEMPATH\CodeIgniter.php(903): App\Controllers\AdminController->__construct()
 2 SYSTEMPATH\CodeIgniter.php(498): CodeIgniter\CodeIgniter->createController()
 3 SYSTEMPATH\CodeIgniter.php(354): CodeIgniter\CodeIgniter->handleRequest(null, Object(Config\Cache), false)
 4 SYSTEMPATH\Boot.php(334): CodeIgniter\CodeIgniter->run()
 5 SYSTEMPATH\Boot.php(67): CodeIgniter\Boot::runCodeIgniter(Object(CodeIgniter\CodeIgniter))
 6 FCPATH\index.php(56): CodeIgniter\Boot::bootWeb(Object(Config\Paths))
 7 SYSTEMPATH\rewrite.php(44): require_once('C:\\PT Bukit Asam Tbk Unit Dermaga Kertapati\\Sistem Informasi Permintaan Surat Perobatan\\public\\index.php')
DEBUG - 2025-05-27 01:56:09 --> Session: Class initialized using 'CodeIgniter\Session\Handlers\FileHandler' driver.
WARNING - 2025-05-27 01:56:09 --> [DEPRECATED] Creation of dynamic property App\Controllers\AdminController::$dompdfOptions is deprecated in APPPATH\Controllers\AdminController.php on line 26.
 1 SYSTEMPATH\CodeIgniter.php(903): App\Controllers\AdminController->__construct()
 2 SYSTEMPATH\CodeIgniter.php(498): CodeIgniter\CodeIgniter->createController()
 3 SYSTEMPATH\CodeIgniter.php(354): CodeIgniter\CodeIgniter->handleRequest(null, Object(Config\Cache), false)
 4 SYSTEMPATH\Boot.php(334): CodeIgniter\CodeIgniter->run()
 5 SYSTEMPATH\Boot.php(67): CodeIgniter\Boot::runCodeIgniter(Object(CodeIgniter\CodeIgniter))
 6 FCPATH\index.php(56): CodeIgniter\Boot::bootWeb(Object(Config\Paths))
 7 SYSTEMPATH\rewrite.php(44): require_once('C:\\PT Bukit Asam Tbk Unit Dermaga Kertapati\\Sistem Informasi Permintaan Surat Perobatan\\public\\index.php')
DEBUG - 2025-05-27 03:47:45 --> Session: Class initialized using 'CodeIgniter\Session\Handlers\FileHandler' driver.
WARNING - 2025-05-27 03:47:45 --> [DEPRECATED] Creation of dynamic property App\Controllers\AdminController::$dompdfOptions is deprecated in APPPATH\Controllers\AdminController.php on line 26.
 1 SYSTEMPATH\CodeIgniter.php(903): App\Controllers\AdminController->__construct()
 2 SYSTEMPATH\CodeIgniter.php(498): CodeIgniter\CodeIgniter->createController()
 3 SYSTEMPATH\CodeIgniter.php(354): CodeIgniter\CodeIgniter->handleRequest(null, Object(Config\Cache), false)
 4 SYSTEMPATH\Boot.php(334): CodeIgniter\CodeIgniter->run()
 5 SYSTEMPATH\Boot.php(67): CodeIgniter\Boot::runCodeIgniter(Object(CodeIgniter\CodeIgniter))
 6 FCPATH\index.php(56): CodeIgniter\Boot::bootWeb(Object(Config\Paths))
 7 SYSTEMPATH\rewrite.php(44): require_once('C:\\PT Bukit Asam Tbk Unit Dermaga Kertapati\\Sistem Informasi Permintaan Surat Perobatan\\public\\index.php')
DEBUG - 2025-05-27 04:11:31 --> Session: Class initialized using 'CodeIgniter\Session\Handlers\FileHandler' driver.
WARNING - 2025-05-27 04:11:31 --> [DEPRECATED] Creation of dynamic property App\Controllers\AdminController::$dompdfOptions is deprecated in APPPATH\Controllers\AdminController.php on line 26.
 1 SYSTEMPATH\CodeIgniter.php(903): App\Controllers\AdminController->__construct()
 2 SYSTEMPATH\CodeIgniter.php(498): CodeIgniter\CodeIgniter->createController()
 3 SYSTEMPATH\CodeIgniter.php(354): CodeIgniter\CodeIgniter->handleRequest(null, Object(Config\Cache), false)
 4 SYSTEMPATH\Boot.php(334): CodeIgniter\CodeIgniter->run()
 5 SYSTEMPATH\Boot.php(67): CodeIgniter\Boot::runCodeIgniter(Object(CodeIgniter\CodeIgniter))
 6 FCPATH\index.php(56): CodeIgniter\Boot::bootWeb(Object(Config\Paths))
 7 SYSTEMPATH\rewrite.php(44): require_once('C:\\PT Bukit Asam Tbk Unit Dermaga Kertapati\\Sistem Informasi Permintaan Surat Perobatan\\public\\index.php')
DEBUG - 2025-05-27 04:44:30 --> Session: Class initialized using 'CodeIgniter\Session\Handlers\FileHandler' driver.
WARNING - 2025-05-27 04:44:30 --> [DEPRECATED] Creation of dynamic property App\Controllers\AdminController::$dompdfOptions is deprecated in APPPATH\Controllers\AdminController.php on line 26.
 1 SYSTEMPATH\CodeIgniter.php(903): App\Controllers\AdminController->__construct()
 2 SYSTEMPATH\CodeIgniter.php(498): CodeIgniter\CodeIgniter->createController()
 3 SYSTEMPATH\CodeIgniter.php(354): CodeIgniter\CodeIgniter->handleRequest(null, Object(Config\Cache), false)
 4 SYSTEMPATH\Boot.php(334): CodeIgniter\CodeIgniter->run()
 5 SYSTEMPATH\Boot.php(67): CodeIgniter\Boot::runCodeIgniter(Object(CodeIgniter\CodeIgniter))
 6 FCPATH\index.php(56): CodeIgniter\Boot::bootWeb(Object(Config\Paths))
 7 SYSTEMPATH\rewrite.php(44): require_once('C:\\PT Bukit Asam Tbk Unit Dermaga Kertapati\\Sistem Informasi Permintaan Surat Perobatan\\public\\index.php')
ERROR - 2025-05-27 04:44:30 --> Error connecting to the database: ErrorException: mysqli::real_connect(): php_network_getaddresses: getaddrinfo for sipsp-sipsp-e071.c.aivencloud.com failed: No such host is known.  in C:\PT Bukit Asam Tbk Unit Dermaga Kertapati\Sistem Informasi Permintaan Surat Perobatan\system\Database\MySQLi\Connection.php:201
Stack trace:
#0 [internal function]: CodeIgniter\Debug\Exceptions->errorHandler(2, 'mysqli::real_co...', 'C:\\PT Bukit Asa...', 201)
#1 C:\PT Bukit Asam Tbk Unit Dermaga Kertapati\Sistem Informasi Permintaan Surat Perobatan\system\Database\MySQLi\Connection.php(201): mysqli->real_connect('sipsp-sipsp-e07...', 'avnadmin', Object(SensitiveParameterValue), 'db_surat_peroba...', 27714, '', 0)
#2 C:\PT Bukit Asam Tbk Unit Dermaga Kertapati\Sistem Informasi Permintaan Surat Perobatan\system\Database\BaseConnection.php(421): CodeIgniter\Database\MySQLi\Connection->connect(false)
#3 C:\PT Bukit Asam Tbk Unit Dermaga Kertapati\Sistem Informasi Permintaan Surat Perobatan\system\Database\BaseConnection.php(620): CodeIgniter\Database\BaseConnection->initialize()
#4 C:\PT Bukit Asam Tbk Unit Dermaga Kertapati\Sistem Informasi Permintaan Surat Perobatan\system\Database\BaseBuilder.php(1649): CodeIgniter\Database\BaseConnection->query('SELECT `form_da...', Array, false)
#5 C:\PT Bukit Asam Tbk Unit Dermaga Kertapati\Sistem Informasi Permintaan Surat Perobatan\system\Model.php(286): CodeIgniter\Database\BaseBuilder->get()
#6 C:\PT Bukit Asam Tbk Unit Dermaga Kertapati\Sistem Informasi Permintaan Surat Perobatan\system\BaseModel.php(675): CodeIgniter\Model->doFindAll(0, 0)
#7 C:\PT Bukit Asam Tbk Unit Dermaga Kertapati\Sistem Informasi Permintaan Surat Perobatan\app\Controllers\AdminController.php(72): CodeIgniter\BaseModel->findAll()
#8 C:\PT Bukit Asam Tbk Unit Dermaga Kertapati\Sistem Informasi Permintaan Surat Perobatan\system\CodeIgniter.php(933): App\Controllers\AdminController->index()
#9 C:\PT Bukit Asam Tbk Unit Dermaga Kertapati\Sistem Informasi Permintaan Surat Perobatan\system\CodeIgniter.php(507): CodeIgniter\CodeIgniter->runController(Object(App\Controllers\AdminController))
#10 C:\PT Bukit Asam Tbk Unit Dermaga Kertapati\Sistem Informasi Permintaan Surat Perobatan\system\CodeIgniter.php(354): CodeIgniter\CodeIgniter->handleRequest(NULL, Object(Config\Cache), false)
#11 C:\PT Bukit Asam Tbk Unit Dermaga Kertapati\Sistem Informasi Permintaan Surat Perobatan\system\Boot.php(334): CodeIgniter\CodeIgniter->run()
#12 C:\PT Bukit Asam Tbk Unit Dermaga Kertapati\Sistem Informasi Permintaan Surat Perobatan\system\Boot.php(67): CodeIgniter\Boot::runCodeIgniter(Object(CodeIgniter\CodeIgniter))
#13 C:\PT Bukit Asam Tbk Unit Dermaga Kertapati\Sistem Informasi Permintaan Surat Perobatan\public\index.php(56): CodeIgniter\Boot::bootWeb(Object(Config\Paths))
#14 C:\PT Bukit Asam Tbk Unit Dermaga Kertapati\Sistem Informasi Permintaan Surat Perobatan\system\rewrite.php(44): require_once('C:\\PT Bukit Asa...')
#15 {main}

Next mysqli_sql_exception: php_network_getaddresses: getaddrinfo for sipsp-sipsp-e071.c.aivencloud.com failed: No such host is known.  in C:\PT Bukit Asam Tbk Unit Dermaga Kertapati\Sistem Informasi Permintaan Surat Perobatan\system\Database\MySQLi\Connection.php:201
Stack trace:
#0 C:\PT Bukit Asam Tbk Unit Dermaga Kertapati\Sistem Informasi Permintaan Surat Perobatan\system\Database\MySQLi\Connection.php(201): mysqli->real_connect('sipsp-sipsp-e07...', 'avnadmin', Object(SensitiveParameterValue), 'db_surat_peroba...', 27714, '', 0)
#1 C:\PT Bukit Asam Tbk Unit Dermaga Kertapati\Sistem Informasi Permintaan Surat Perobatan\system\Database\BaseConnection.php(421): CodeIgniter\Database\MySQLi\Connection->connect(false)
#2 C:\PT Bukit Asam Tbk Unit Dermaga Kertapati\Sistem Informasi Permintaan Surat Perobatan\system\Database\BaseConnection.php(620): CodeIgniter\Database\BaseConnection->initialize()
#3 C:\PT Bukit Asam Tbk Unit Dermaga Kertapati\Sistem Informasi Permintaan Surat Perobatan\system\Database\BaseBuilder.php(1649): CodeIgniter\Database\BaseConnection->query('SELECT `form_da...', Array, false)
#4 C:\PT Bukit Asam Tbk Unit Dermaga Kertapati\Sistem Informasi Permintaan Surat Perobatan\system\Model.php(286): CodeIgniter\Database\BaseBuilder->get()
#5 C:\PT Bukit Asam Tbk Unit Dermaga Kertapati\Sistem Informasi Permintaan Surat Perobatan\system\BaseModel.php(675): CodeIgniter\Model->doFindAll(0, 0)
#6 C:\PT Bukit Asam Tbk Unit Dermaga Kertapati\Sistem Informasi Permintaan Surat Perobatan\app\Controllers\AdminController.php(72): CodeIgniter\BaseModel->findAll()
#7 C:\PT Bukit Asam Tbk Unit Dermaga Kertapati\Sistem Informasi Permintaan Surat Perobatan\system\CodeIgniter.php(933): App\Controllers\AdminController->index()
#8 C:\PT Bukit Asam Tbk Unit Dermaga Kertapati\Sistem Informasi Permintaan Surat Perobatan\system\CodeIgniter.php(507): CodeIgniter\CodeIgniter->runController(Object(App\Controllers\AdminController))
#9 C:\PT Bukit Asam Tbk Unit Dermaga Kertapati\Sistem Informasi Permintaan Surat Perobatan\system\CodeIgniter.php(354): CodeIgniter\CodeIgniter->handleRequest(NULL, Object(Config\Cache), false)
#10 C:\PT Bukit Asam Tbk Unit Dermaga Kertapati\Sistem Informasi Permintaan Surat Perobatan\system\Boot.php(334): CodeIgniter\CodeIgniter->run()
#11 C:\PT Bukit Asam Tbk Unit Dermaga Kertapati\Sistem Informasi Permintaan Surat Perobatan\system\Boot.php(67): CodeIgniter\Boot::runCodeIgniter(Object(CodeIgniter\CodeIgniter))
#12 C:\PT Bukit Asam Tbk Unit Dermaga Kertapati\Sistem Informasi Permintaan Surat Perobatan\public\index.php(56): CodeIgniter\Boot::bootWeb(Object(Config\Paths))
#13 C:\PT Bukit Asam Tbk Unit Dermaga Kertapati\Sistem Informasi Permintaan Surat Perobatan\system\rewrite.php(44): require_once('C:\\PT Bukit Asa...')
#14 {main}

Next CodeIgniter\Database\Exceptions\DatabaseException: php_network_getaddresses: getaddrinfo for sipsp-sipsp-e071.c.aivencloud.com failed: No such host is known.  in C:\PT Bukit Asam Tbk Unit Dermaga Kertapati\Sistem Informasi Permintaan Surat Perobatan\system\Database\MySQLi\Connection.php:246
Stack trace:
#0 C:\PT Bukit Asam Tbk Unit Dermaga Kertapati\Sistem Informasi Permintaan Surat Perobatan\system\Database\BaseConnection.php(421): CodeIgniter\Database\MySQLi\Connection->connect(false)
#1 C:\PT Bukit Asam Tbk Unit Dermaga Kertapati\Sistem Informasi Permintaan Surat Perobatan\system\Database\BaseConnection.php(620): CodeIgniter\Database\BaseConnection->initialize()
#2 C:\PT Bukit Asam Tbk Unit Dermaga Kertapati\Sistem Informasi Permintaan Surat Perobatan\system\Database\BaseBuilder.php(1649): CodeIgniter\Database\BaseConnection->query('SELECT `form_da...', Array, false)
#3 C:\PT Bukit Asam Tbk Unit Dermaga Kertapati\Sistem Informasi Permintaan Surat Perobatan\system\Model.php(286): CodeIgniter\Database\BaseBuilder->get()
#4 C:\PT Bukit Asam Tbk Unit Dermaga Kertapati\Sistem Informasi Permintaan Surat Perobatan\system\BaseModel.php(675): CodeIgniter\Model->doFindAll(0, 0)
#5 C:\PT Bukit Asam Tbk Unit Dermaga Kertapati\Sistem Informasi Permintaan Surat Perobatan\app\Controllers\AdminController.php(72): CodeIgniter\BaseModel->findAll()
#6 C:\PT Bukit Asam Tbk Unit Dermaga Kertapati\Sistem Informasi Permintaan Surat Perobatan\system\CodeIgniter.php(933): App\Controllers\AdminController->index()
#7 C:\PT Bukit Asam Tbk Unit Dermaga Kertapati\Sistem Informasi Permintaan Surat Perobatan\system\CodeIgniter.php(507): CodeIgniter\CodeIgniter->runController(Object(App\Controllers\AdminController))
#8 C:\PT Bukit Asam Tbk Unit Dermaga Kertapati\Sistem Informasi Permintaan Surat Perobatan\system\CodeIgniter.php(354): CodeIgniter\CodeIgniter->handleRequest(NULL, Object(Config\Cache), false)
#9 C:\PT Bukit Asam Tbk Unit Dermaga Kertapati\Sistem Informasi Permintaan Surat Perobatan\system\Boot.php(334): CodeIgniter\CodeIgniter->run()
#10 C:\PT Bukit Asam Tbk Unit Dermaga Kertapati\Sistem Informasi Permintaan Surat Perobatan\system\Boot.php(67): CodeIgniter\Boot::runCodeIgniter(Object(CodeIgniter\CodeIgniter))
#11 C:\PT Bukit Asam Tbk Unit Dermaga Kertapati\Sistem Informasi Permintaan Surat Perobatan\public\index.php(56): CodeIgniter\Boot::bootWeb(Object(Config\Paths))
#12 C:\PT Bukit Asam Tbk Unit Dermaga Kertapati\Sistem Informasi Permintaan Surat Perobatan\system\rewrite.php(44): require_once('C:\\PT Bukit Asa...')
#13 {main}
CRITICAL - 2025-05-27 04:44:30 --> CodeIgniter\Database\Exceptions\DatabaseException: Unable to connect to the database.
Main connection [MySQLi]: php_network_getaddresses: getaddrinfo for sipsp-sipsp-e071.c.aivencloud.com failed: No such host is known. 
[Method: GET, Route: list-info]
in SYSTEMPATH\Database\BaseConnection.php on line 467.
 1 SYSTEMPATH\Database\BaseConnection.php(620): CodeIgniter\Database\BaseConnection->initialize()
 2 SYSTEMPATH\Database\BaseBuilder.php(1649): CodeIgniter\Database\BaseConnection->query('SELECT `form_data`.`id`, `form_data`.`nama_lengkap`, `form_data`.`nama_keluarga`, `form_data`.`np`, `form_data`.`umur`, `form_data`.`jenjang_jabatan`, `rs_list`.`Nama_RS` AS `nama_rs`, `rs_list`.`Jalan` AS `jalan_rs`, `form_data`.`status`
FROM `form_data`
LEFT JOIN `rs_list` ON `form_data`.`rs_id` = `rs_list`.`ID`
WHERE `form_data`.`status` IN :form_data.status:
ORDER BY `form_data`.`created_at` DESC', [...], false)
 3 SYSTEMPATH\Model.php(286): CodeIgniter\Database\BaseBuilder->get()
 4 SYSTEMPATH\BaseModel.php(675): CodeIgniter\Model->doFindAll(0, 0)
 5 APPPATH\Controllers\AdminController.php(72): CodeIgniter\BaseModel->findAll()
 6 SYSTEMPATH\CodeIgniter.php(933): App\Controllers\AdminController->index()
 7 SYSTEMPATH\CodeIgniter.php(507): CodeIgniter\CodeIgniter->runController(Object(App\Controllers\AdminController))
 8 SYSTEMPATH\CodeIgniter.php(354): CodeIgniter\CodeIgniter->handleRequest(null, Object(Config\Cache), false)
 9 SYSTEMPATH\Boot.php(334): CodeIgniter\CodeIgniter->run()
10 SYSTEMPATH\Boot.php(67): CodeIgniter\Boot::runCodeIgniter(Object(CodeIgniter\CodeIgniter))
11 FCPATH\index.php(56): CodeIgniter\Boot::bootWeb(Object(Config\Paths))
12 SYSTEMPATH\rewrite.php(44): require_once('C:\\PT Bukit Asam Tbk Unit Dermaga Kertapati\\Sistem Informasi Permintaan Surat Perobatan\\public\\index.php')
DEBUG - 2025-05-27 05:15:04 --> Session: Class initialized using 'CodeIgniter\Session\Handlers\FileHandler' driver.
DEBUG - 2025-05-27 05:15:04 --> Session: Class initialized using 'CodeIgniter\Session\Handlers\FileHandler' driver.
WARNING - 2025-05-27 05:15:04 --> [DEPRECATED] Creation of dynamic property App\Controllers\AdminController::$dompdfOptions is deprecated in APPPATH\Controllers\AdminController.php on line 26.
 1 SYSTEMPATH\CodeIgniter.php(903): App\Controllers\AdminController->__construct()
 2 SYSTEMPATH\CodeIgniter.php(498): CodeIgniter\CodeIgniter->createController()
 3 SYSTEMPATH\CodeIgniter.php(354): CodeIgniter\CodeIgniter->handleRequest(null, Object(Config\Cache), false)
 4 SYSTEMPATH\Boot.php(334): CodeIgniter\CodeIgniter->run()
 5 SYSTEMPATH\Boot.php(67): CodeIgniter\Boot::runCodeIgniter(Object(CodeIgniter\CodeIgniter))
 6 FCPATH\index.php(56): CodeIgniter\Boot::bootWeb(Object(Config\Paths))
 7 SYSTEMPATH\rewrite.php(44): require_once('C:\\PT Bukit Asam Tbk Unit Dermaga Kertapati\\Sistem Informasi Permintaan Surat Perobatan\\public\\index.php')
DEBUG - 2025-05-27 05:15:09 --> Session: Class initialized using 'CodeIgniter\Session\Handlers\FileHandler' driver.
DEBUG - 2025-05-27 05:15:11 --> Session: Class initialized using 'CodeIgniter\Session\Handlers\FileHandler' driver.
DEBUG - 2025-05-27 05:15:17 --> Session: Class initialized using 'CodeIgniter\Session\Handlers\FileHandler' driver.
DEBUG - 2025-05-27 05:15:17 --> Session: Class initialized using 'CodeIgniter\Session\Handlers\FileHandler' driver.
DEBUG - 2025-05-27 05:15:57 --> Session: Class initialized using 'CodeIgniter\Session\Handlers\FileHandler' driver.
DEBUG - 2025-05-27 05:15:58 --> Session: Class initialized using 'CodeIgniter\Session\Handlers\FileHandler' driver.
DEBUG - 2025-05-27 05:16:01 --> Session: Class initialized using 'CodeIgniter\Session\Handlers\FileHandler' driver.
DEBUG - 2025-05-27 05:16:02 --> Session: Class initialized using 'CodeIgniter\Session\Handlers\FileHandler' driver.
DEBUG - 2025-05-27 05:16:07 --> Session: Class initialized using 'CodeIgniter\Session\Handlers\FileHandler' driver.
DEBUG - 2025-05-27 05:16:07 --> Session: Class initialized using 'CodeIgniter\Session\Handlers\FileHandler' driver.
WARNING - 2025-05-27 05:16:07 --> [DEPRECATED] Creation of dynamic property App\Controllers\AdminController::$dompdfOptions is deprecated in APPPATH\Controllers\AdminController.php on line 26.
 1 SYSTEMPATH\CodeIgniter.php(903): App\Controllers\AdminController->__construct()
 2 SYSTEMPATH\CodeIgniter.php(498): CodeIgniter\CodeIgniter->createController()
 3 SYSTEMPATH\CodeIgniter.php(354): CodeIgniter\CodeIgniter->handleRequest(null, Object(Config\Cache), false)
 4 SYSTEMPATH\Boot.php(334): CodeIgniter\CodeIgniter->run()
 5 SYSTEMPATH\Boot.php(67): CodeIgniter\Boot::runCodeIgniter(Object(CodeIgniter\CodeIgniter))
 6 FCPATH\index.php(56): CodeIgniter\Boot::bootWeb(Object(Config\Paths))
 7 SYSTEMPATH\rewrite.php(44): require_once('C:\\PT Bukit Asam Tbk Unit Dermaga Kertapati\\Sistem Informasi Permintaan Surat Perobatan\\public\\index.php')
DEBUG - 2025-05-27 05:16:08 --> Session: Class initialized using 'CodeIgniter\Session\Handlers\FileHandler' driver.
WARNING - 2025-05-27 05:16:08 --> [DEPRECATED] Creation of dynamic property App\Controllers\AdminController::$dompdfOptions is deprecated in APPPATH\Controllers\AdminController.php on line 26.
 1 SYSTEMPATH\CodeIgniter.php(903): App\Controllers\AdminController->__construct()
 2 SYSTEMPATH\CodeIgniter.php(498): CodeIgniter\CodeIgniter->createController()
 3 SYSTEMPATH\CodeIgniter.php(354): CodeIgniter\CodeIgniter->handleRequest(null, Object(Config\Cache), false)
 4 SYSTEMPATH\Boot.php(334): CodeIgniter\CodeIgniter->run()
 5 SYSTEMPATH\Boot.php(67): CodeIgniter\Boot::runCodeIgniter(Object(CodeIgniter\CodeIgniter))
 6 FCPATH\index.php(56): CodeIgniter\Boot::bootWeb(Object(Config\Paths))
 7 SYSTEMPATH\rewrite.php(44): require_once('C:\\PT Bukit Asam Tbk Unit Dermaga Kertapati\\Sistem Informasi Permintaan Surat Perobatan\\public\\index.php')
DEBUG - 2025-05-27 05:17:08 --> Session: Class initialized using 'CodeIgniter\Session\Handlers\FileHandler' driver.
WARNING - 2025-05-27 05:17:08 --> [DEPRECATED] Creation of dynamic property App\Controllers\AdminController::$dompdfOptions is deprecated in APPPATH\Controllers\AdminController.php on line 26.
 1 SYSTEMPATH\CodeIgniter.php(903): App\Controllers\AdminController->__construct()
 2 SYSTEMPATH\CodeIgniter.php(498): CodeIgniter\CodeIgniter->createController()
 3 SYSTEMPATH\CodeIgniter.php(354): CodeIgniter\CodeIgniter->handleRequest(null, Object(Config\Cache), false)
 4 SYSTEMPATH\Boot.php(334): CodeIgniter\CodeIgniter->run()
 5 SYSTEMPATH\Boot.php(67): CodeIgniter\Boot::runCodeIgniter(Object(CodeIgniter\CodeIgniter))
 6 FCPATH\index.php(56): CodeIgniter\Boot::bootWeb(Object(Config\Paths))
 7 SYSTEMPATH\rewrite.php(44): require_once('C:\\PT Bukit Asam Tbk Unit Dermaga Kertapati\\Sistem Informasi Permintaan Surat Perobatan\\public\\index.php')
CRITICAL - 2025-05-27 05:17:08 --> ErrorException: Undefined array key "email"
[Method: POST, Route: admin/verify/7]
in APPPATH\Controllers\AdminController.php on line 110.
 1 APPPATH\Controllers\AdminController.php(110): CodeIgniter\Debug\Exceptions->errorHandler(2, 'Undefined array key "email"', 'C:\\PT Bukit Asam Tbk Unit Dermaga Kertapati\\Sistem Informasi Permintaan Surat Perobatan\\app\\Controllers\\AdminController.php', 110)
 2 SYSTEMPATH\CodeIgniter.php(933): App\Controllers\AdminController->verify('7')
 3 SYSTEMPATH\CodeIgniter.php(507): CodeIgniter\CodeIgniter->runController(Object(App\Controllers\AdminController))
 4 SYSTEMPATH\CodeIgniter.php(354): CodeIgniter\CodeIgniter->handleRequest(null, Object(Config\Cache), false)
 5 SYSTEMPATH\Boot.php(334): CodeIgniter\CodeIgniter->run()
 6 SYSTEMPATH\Boot.php(67): CodeIgniter\Boot::runCodeIgniter(Object(CodeIgniter\CodeIgniter))
 7 FCPATH\index.php(56): CodeIgniter\Boot::bootWeb(Object(Config\Paths))
 8 SYSTEMPATH\rewrite.php(44): require_once('C:\\PT Bukit Asam Tbk Unit Dermaga Kertapati\\Sistem Informasi Permintaan Surat Perobatan\\public\\index.php')
DEBUG - 2025-05-27 05:27:37 --> Session: Class initialized using 'CodeIgniter\Session\Handlers\FileHandler' driver.
WARNING - 2025-05-27 05:27:37 --> [DEPRECATED] Creation of dynamic property App\Controllers\AdminController::$dompdfOptions is deprecated in APPPATH\Controllers\AdminController.php on line 26.
 1 SYSTEMPATH\CodeIgniter.php(903): App\Controllers\AdminController->__construct()
 2 SYSTEMPATH\CodeIgniter.php(498): CodeIgniter\CodeIgniter->createController()
 3 SYSTEMPATH\CodeIgniter.php(354): CodeIgniter\CodeIgniter->handleRequest(null, Object(Config\Cache), false)
 4 SYSTEMPATH\Boot.php(334): CodeIgniter\CodeIgniter->run()
 5 SYSTEMPATH\Boot.php(67): CodeIgniter\Boot::runCodeIgniter(Object(CodeIgniter\CodeIgniter))
 6 FCPATH\index.php(56): CodeIgniter\Boot::bootWeb(Object(Config\Paths))
 7 SYSTEMPATH\rewrite.php(44): require_once('C:\\PT Bukit Asam Tbk Unit Dermaga Kertapati\\Sistem Informasi Permintaan Surat Perobatan\\public\\index.php')
DEBUG - 2025-05-27 05:28:06 --> Session: Class initialized using 'CodeIgniter\Session\Handlers\FileHandler' driver.
WARNING - 2025-05-27 05:28:06 --> [DEPRECATED] Creation of dynamic property App\Controllers\AdminController::$dompdfOptions is deprecated in APPPATH\Controllers\AdminController.php on line 26.
 1 SYSTEMPATH\CodeIgniter.php(903): App\Controllers\AdminController->__construct()
 2 SYSTEMPATH\CodeIgniter.php(498): CodeIgniter\CodeIgniter->createController()
 3 SYSTEMPATH\CodeIgniter.php(354): CodeIgniter\CodeIgniter->handleRequest(null, Object(Config\Cache), false)
 4 SYSTEMPATH\Boot.php(334): CodeIgniter\CodeIgniter->run()
 5 SYSTEMPATH\Boot.php(67): CodeIgniter\Boot::runCodeIgniter(Object(CodeIgniter\CodeIgniter))
 6 FCPATH\index.php(56): CodeIgniter\Boot::bootWeb(Object(Config\Paths))
 7 SYSTEMPATH\rewrite.php(44): require_once('C:\\PT Bukit Asam Tbk Unit Dermaga Kertapati\\Sistem Informasi Permintaan Surat Perobatan\\public\\index.php')
DEBUG - 2025-05-27 05:28:08 --> Session: Class initialized using 'CodeIgniter\Session\Handlers\FileHandler' driver.
WARNING - 2025-05-27 05:28:08 --> [DEPRECATED] Creation of dynamic property App\Controllers\AdminController::$dompdfOptions is deprecated in APPPATH\Controllers\AdminController.php on line 26.
 1 SYSTEMPATH\CodeIgniter.php(903): App\Controllers\AdminController->__construct()
 2 SYSTEMPATH\CodeIgniter.php(498): CodeIgniter\CodeIgniter->createController()
 3 SYSTEMPATH\CodeIgniter.php(354): CodeIgniter\CodeIgniter->handleRequest(null, Object(Config\Cache), false)
 4 SYSTEMPATH\Boot.php(334): CodeIgniter\CodeIgniter->run()
 5 SYSTEMPATH\Boot.php(67): CodeIgniter\Boot::runCodeIgniter(Object(CodeIgniter\CodeIgniter))
 6 FCPATH\index.php(56): CodeIgniter\Boot::bootWeb(Object(Config\Paths))
 7 SYSTEMPATH\rewrite.php(44): require_once('C:\\PT Bukit Asam Tbk Unit Dermaga Kertapati\\Sistem Informasi Permintaan Surat Perobatan\\public\\index.php')
DEBUG - 2025-05-27 05:28:09 --> Session: Class initialized using 'CodeIgniter\Session\Handlers\FileHandler' driver.
WARNING - 2025-05-27 05:28:09 --> [DEPRECATED] Creation of dynamic property App\Controllers\AdminController::$dompdfOptions is deprecated in APPPATH\Controllers\AdminController.php on line 26.
 1 SYSTEMPATH\CodeIgniter.php(903): App\Controllers\AdminController->__construct()
 2 SYSTEMPATH\CodeIgniter.php(498): CodeIgniter\CodeIgniter->createController()
 3 SYSTEMPATH\CodeIgniter.php(354): CodeIgniter\CodeIgniter->handleRequest(null, Object(Config\Cache), false)
 4 SYSTEMPATH\Boot.php(334): CodeIgniter\CodeIgniter->run()
 5 SYSTEMPATH\Boot.php(67): CodeIgniter\Boot::runCodeIgniter(Object(CodeIgniter\CodeIgniter))
 6 FCPATH\index.php(56): CodeIgniter\Boot::bootWeb(Object(Config\Paths))
 7 SYSTEMPATH\rewrite.php(44): require_once('C:\\PT Bukit Asam Tbk Unit Dermaga Kertapati\\Sistem Informasi Permintaan Surat Perobatan\\public\\index.php')
CRITICAL - 2025-05-27 05:28:10 --> ErrorException: Undefined array key "nama_rs"
[Method: POST, Route: admin/verify/7]
in APPPATH\Controllers\AdminController.php on line 114.
 1 APPPATH\Controllers\AdminController.php(114): CodeIgniter\Debug\Exceptions->errorHandler(2, 'Undefined array key "nama_rs"', 'C:\\PT Bukit Asam Tbk Unit Dermaga Kertapati\\Sistem Informasi Permintaan Surat Perobatan\\app\\Controllers\\AdminController.php', 114)
 2 SYSTEMPATH\CodeIgniter.php(933): App\Controllers\AdminController->verify('7')
 3 SYSTEMPATH\CodeIgniter.php(507): CodeIgniter\CodeIgniter->runController(Object(App\Controllers\AdminController))
 4 SYSTEMPATH\CodeIgniter.php(354): CodeIgniter\CodeIgniter->handleRequest(null, Object(Config\Cache), false)
 5 SYSTEMPATH\Boot.php(334): CodeIgniter\CodeIgniter->run()
 6 SYSTEMPATH\Boot.php(67): CodeIgniter\Boot::runCodeIgniter(Object(CodeIgniter\CodeIgniter))
 7 FCPATH\index.php(56): CodeIgniter\Boot::bootWeb(Object(Config\Paths))
 8 SYSTEMPATH\rewrite.php(44): require_once('C:\\PT Bukit Asam Tbk Unit Dermaga Kertapati\\Sistem Informasi Permintaan Surat Perobatan\\public\\index.php')
DEBUG - 2025-05-27 05:42:27 --> Session: Class initialized using 'CodeIgniter\Session\Handlers\FileHandler' driver.
WARNING - 2025-05-27 05:42:27 --> [DEPRECATED] Creation of dynamic property App\Controllers\AdminController::$dompdfOptions is deprecated in APPPATH\Controllers\AdminController.php on line 26.
 1 SYSTEMPATH\CodeIgniter.php(903): App\Controllers\AdminController->__construct()
 2 SYSTEMPATH\CodeIgniter.php(498): CodeIgniter\CodeIgniter->createController()
 3 SYSTEMPATH\CodeIgniter.php(354): CodeIgniter\CodeIgniter->handleRequest(null, Object(Config\Cache), false)
 4 SYSTEMPATH\Boot.php(334): CodeIgniter\CodeIgniter->run()
 5 SYSTEMPATH\Boot.php(67): CodeIgniter\Boot::runCodeIgniter(Object(CodeIgniter\CodeIgniter))
 6 FCPATH\index.php(56): CodeIgniter\Boot::bootWeb(Object(Config\Paths))
 7 SYSTEMPATH\rewrite.php(44): require_once('C:\\PT Bukit Asam Tbk Unit Dermaga Kertapati\\Sistem Informasi Permintaan Surat Perobatan\\public\\index.php')
DEBUG - 2025-05-27 05:42:32 --> Session: Class initialized using 'CodeIgniter\Session\Handlers\FileHandler' driver.
WARNING - 2025-05-27 05:42:32 --> [DEPRECATED] Creation of dynamic property App\Controllers\AdminController::$dompdfOptions is deprecated in APPPATH\Controllers\AdminController.php on line 26.
 1 SYSTEMPATH\CodeIgniter.php(903): App\Controllers\AdminController->__construct()
 2 SYSTEMPATH\CodeIgniter.php(498): CodeIgniter\CodeIgniter->createController()
 3 SYSTEMPATH\CodeIgniter.php(354): CodeIgniter\CodeIgniter->handleRequest(null, Object(Config\Cache), false)
 4 SYSTEMPATH\Boot.php(334): CodeIgniter\CodeIgniter->run()
 5 SYSTEMPATH\Boot.php(67): CodeIgniter\Boot::runCodeIgniter(Object(CodeIgniter\CodeIgniter))
 6 FCPATH\index.php(56): CodeIgniter\Boot::bootWeb(Object(Config\Paths))
 7 SYSTEMPATH\rewrite.php(44): require_once('C:\\PT Bukit Asam Tbk Unit Dermaga Kertapati\\Sistem Informasi Permintaan Surat Perobatan\\public\\index.php')
DEBUG - 2025-05-27 05:42:36 --> Session: Class initialized using 'CodeIgniter\Session\Handlers\FileHandler' driver.
WARNING - 2025-05-27 05:42:36 --> [DEPRECATED] Creation of dynamic property App\Controllers\AdminController::$dompdfOptions is deprecated in APPPATH\Controllers\AdminController.php on line 26.
 1 SYSTEMPATH\CodeIgniter.php(903): App\Controllers\AdminController->__construct()
 2 SYSTEMPATH\CodeIgniter.php(498): CodeIgniter\CodeIgniter->createController()
 3 SYSTEMPATH\CodeIgniter.php(354): CodeIgniter\CodeIgniter->handleRequest(null, Object(Config\Cache), false)
 4 SYSTEMPATH\Boot.php(334): CodeIgniter\CodeIgniter->run()
 5 SYSTEMPATH\Boot.php(67): CodeIgniter\Boot::runCodeIgniter(Object(CodeIgniter\CodeIgniter))
 6 FCPATH\index.php(56): CodeIgniter\Boot::bootWeb(Object(Config\Paths))
 7 SYSTEMPATH\rewrite.php(44): require_once('C:\\PT Bukit Asam Tbk Unit Dermaga Kertapati\\Sistem Informasi Permintaan Surat Perobatan\\public\\index.php')
DEBUG - 2025-05-27 05:42:40 --> Session: Class initialized using 'CodeIgniter\Session\Handlers\FileHandler' driver.
WARNING - 2025-05-27 05:42:40 --> [DEPRECATED] Creation of dynamic property App\Controllers\AdminController::$dompdfOptions is deprecated in APPPATH\Controllers\AdminController.php on line 26.
 1 SYSTEMPATH\CodeIgniter.php(903): App\Controllers\AdminController->__construct()
 2 SYSTEMPATH\CodeIgniter.php(498): CodeIgniter\CodeIgniter->createController()
 3 SYSTEMPATH\CodeIgniter.php(354): CodeIgniter\CodeIgniter->handleRequest(null, Object(Config\Cache), false)
 4 SYSTEMPATH\Boot.php(334): CodeIgniter\CodeIgniter->run()
 5 SYSTEMPATH\Boot.php(67): CodeIgniter\Boot::runCodeIgniter(Object(CodeIgniter\CodeIgniter))
 6 FCPATH\index.php(56): CodeIgniter\Boot::bootWeb(Object(Config\Paths))
 7 SYSTEMPATH\rewrite.php(44): require_once('C:\\PT Bukit Asam Tbk Unit Dermaga Kertapati\\Sistem Informasi Permintaan Surat Perobatan\\public\\index.php')
DEBUG - 2025-05-27 06:57:16 --> Session: Class initialized using 'CodeIgniter\Session\Handlers\FileHandler' driver.
DEBUG - 2025-05-27 06:57:19 --> Session: Class initialized using 'CodeIgniter\Session\Handlers\FileHandler' driver.
DEBUG - 2025-05-27 06:57:24 --> Session: Class initialized using 'CodeIgniter\Session\Handlers\FileHandler' driver.
DEBUG - 2025-05-27 06:57:24 --> Session: Class initialized using 'CodeIgniter\Session\Handlers\FileHandler' driver.
WARNING - 2025-05-27 06:57:24 --> [DEPRECATED] Creation of dynamic property App\Controllers\AdminController::$dompdfOptions is deprecated in APPPATH\Controllers\AdminController.php on line 26.
 1 SYSTEMPATH\CodeIgniter.php(903): App\Controllers\AdminController->__construct()
 2 SYSTEMPATH\CodeIgniter.php(498): CodeIgniter\CodeIgniter->createController()
 3 SYSTEMPATH\CodeIgniter.php(354): CodeIgniter\CodeIgniter->handleRequest(null, Object(Config\Cache), false)
 4 SYSTEMPATH\Boot.php(334): CodeIgniter\CodeIgniter->run()
 5 SYSTEMPATH\Boot.php(67): CodeIgniter\Boot::runCodeIgniter(Object(CodeIgniter\CodeIgniter))
 6 FCPATH\index.php(56): CodeIgniter\Boot::bootWeb(Object(Config\Paths))
 7 SYSTEMPATH\rewrite.php(44): require_once('C:\\PT Bukit Asam Tbk Unit Dermaga Kertapati\\Sistem Informasi Permintaan Surat Perobatan\\public\\index.php')
DEBUG - 2025-05-27 06:57:26 --> Session: Class initialized using 'CodeIgniter\Session\Handlers\FileHandler' driver.
WARNING - 2025-05-27 06:57:26 --> [DEPRECATED] Creation of dynamic property App\Controllers\AdminController::$dompdfOptions is deprecated in APPPATH\Controllers\AdminController.php on line 26.
 1 SYSTEMPATH\CodeIgniter.php(903): App\Controllers\AdminController->__construct()
 2 SYSTEMPATH\CodeIgniter.php(498): CodeIgniter\CodeIgniter->createController()
 3 SYSTEMPATH\CodeIgniter.php(354): CodeIgniter\CodeIgniter->handleRequest(null, Object(Config\Cache), false)
 4 SYSTEMPATH\Boot.php(334): CodeIgniter\CodeIgniter->run()
 5 SYSTEMPATH\Boot.php(67): CodeIgniter\Boot::runCodeIgniter(Object(CodeIgniter\CodeIgniter))
 6 FCPATH\index.php(56): CodeIgniter\Boot::bootWeb(Object(Config\Paths))
 7 SYSTEMPATH\rewrite.php(44): require_once('C:\\PT Bukit Asam Tbk Unit Dermaga Kertapati\\Sistem Informasi Permintaan Surat Perobatan\\public\\index.php')
DEBUG - 2025-05-27 06:57:28 --> Session: Class initialized using 'CodeIgniter\Session\Handlers\FileHandler' driver.
DEBUG - 2025-05-27 06:57:32 --> Session: Class initialized using 'CodeIgniter\Session\Handlers\FileHandler' driver.
WARNING - 2025-05-27 06:57:32 --> [DEPRECATED] Creation of dynamic property App\Controllers\AdminController::$dompdfOptions is deprecated in APPPATH\Controllers\AdminController.php on line 26.
 1 SYSTEMPATH\CodeIgniter.php(903): App\Controllers\AdminController->__construct()
 2 SYSTEMPATH\CodeIgniter.php(498): CodeIgniter\CodeIgniter->createController()
 3 SYSTEMPATH\CodeIgniter.php(354): CodeIgniter\CodeIgniter->handleRequest(null, Object(Config\Cache), false)
 4 SYSTEMPATH\Boot.php(334): CodeIgniter\CodeIgniter->run()
 5 SYSTEMPATH\Boot.php(67): CodeIgniter\Boot::runCodeIgniter(Object(CodeIgniter\CodeIgniter))
 6 FCPATH\index.php(56): CodeIgniter\Boot::bootWeb(Object(Config\Paths))
 7 SYSTEMPATH\rewrite.php(44): require_once('C:\\PT Bukit Asam Tbk Unit Dermaga Kertapati\\Sistem Informasi Permintaan Surat Perobatan\\public\\index.php')
DEBUG - 2025-05-27 06:58:03 --> Session: Class initialized using 'CodeIgniter\Session\Handlers\FileHandler' driver.
DEBUG - 2025-05-27 07:03:27 --> Session: Class initialized using 'CodeIgniter\Session\Handlers\FileHandler' driver.
DEBUG - 2025-05-27 07:03:30 --> Session: Class initialized using 'CodeIgniter\Session\Handlers\FileHandler' driver.
DEBUG - 2025-05-27 07:03:30 --> Session: Class initialized using 'CodeIgniter\Session\Handlers\FileHandler' driver.
WARNING - 2025-05-27 07:03:30 --> [DEPRECATED] Creation of dynamic property App\Controllers\AdminController::$dompdfOptions is deprecated in APPPATH\Controllers\AdminController.php on line 26.
 1 SYSTEMPATH\CodeIgniter.php(903): App\Controllers\AdminController->__construct()
 2 SYSTEMPATH\CodeIgniter.php(498): CodeIgniter\CodeIgniter->createController()
 3 SYSTEMPATH\CodeIgniter.php(354): CodeIgniter\CodeIgniter->handleRequest(null, Object(Config\Cache), false)
 4 SYSTEMPATH\Boot.php(334): CodeIgniter\CodeIgniter->run()
 5 SYSTEMPATH\Boot.php(67): CodeIgniter\Boot::runCodeIgniter(Object(CodeIgniter\CodeIgniter))
 6 FCPATH\index.php(56): CodeIgniter\Boot::bootWeb(Object(Config\Paths))
 7 SYSTEMPATH\rewrite.php(44): require_once('C:\\PT Bukit Asam Tbk Unit Dermaga Kertapati\\Sistem Informasi Permintaan Surat Perobatan\\public\\index.php')
DEBUG - 2025-05-27 07:03:55 --> Session: Class initialized using 'CodeIgniter\Session\Handlers\FileHandler' driver.
WARNING - 2025-05-27 07:03:55 --> [DEPRECATED] Creation of dynamic property App\Controllers\AdminController::$dompdfOptions is deprecated in APPPATH\Controllers\AdminController.php on line 26.
 1 SYSTEMPATH\CodeIgniter.php(903): App\Controllers\AdminController->__construct()
 2 SYSTEMPATH\CodeIgniter.php(498): CodeIgniter\CodeIgniter->createController()
 3 SYSTEMPATH\CodeIgniter.php(354): CodeIgniter\CodeIgniter->handleRequest(null, Object(Config\Cache), false)
 4 SYSTEMPATH\Boot.php(334): CodeIgniter\CodeIgniter->run()
 5 SYSTEMPATH\Boot.php(67): CodeIgniter\Boot::runCodeIgniter(Object(CodeIgniter\CodeIgniter))
 6 FCPATH\index.php(56): CodeIgniter\Boot::bootWeb(Object(Config\Paths))
 7 SYSTEMPATH\rewrite.php(44): require_once('C:\\PT Bukit Asam Tbk Unit Dermaga Kertapati\\Sistem Informasi Permintaan Surat Perobatan\\public\\index.php')
DEBUG - 2025-05-27 07:03:57 --> Session: Class initialized using 'CodeIgniter\Session\Handlers\FileHandler' driver.
WARNING - 2025-05-27 07:03:57 --> [DEPRECATED] Creation of dynamic property App\Controllers\AdminController::$dompdfOptions is deprecated in APPPATH\Controllers\AdminController.php on line 26.
 1 SYSTEMPATH\CodeIgniter.php(903): App\Controllers\AdminController->__construct()
 2 SYSTEMPATH\CodeIgniter.php(498): CodeIgniter\CodeIgniter->createController()
 3 SYSTEMPATH\CodeIgniter.php(354): CodeIgniter\CodeIgniter->handleRequest(null, Object(Config\Cache), false)
 4 SYSTEMPATH\Boot.php(334): CodeIgniter\CodeIgniter->run()
 5 SYSTEMPATH\Boot.php(67): CodeIgniter\Boot::runCodeIgniter(Object(CodeIgniter\CodeIgniter))
 6 FCPATH\index.php(56): CodeIgniter\Boot::bootWeb(Object(Config\Paths))
 7 SYSTEMPATH\rewrite.php(44): require_once('C:\\PT Bukit Asam Tbk Unit Dermaga Kertapati\\Sistem Informasi Permintaan Surat Perobatan\\public\\index.php')
DEBUG - 2025-05-27 07:03:59 --> Session: Class initialized using 'CodeIgniter\Session\Handlers\FileHandler' driver.
DEBUG - 2025-05-27 07:04:04 --> Session: Class initialized using 'CodeIgniter\Session\Handlers\FileHandler' driver.
WARNING - 2025-05-27 07:04:04 --> [DEPRECATED] Creation of dynamic property App\Controllers\AdminController::$dompdfOptions is deprecated in APPPATH\Controllers\AdminController.php on line 26.
 1 SYSTEMPATH\CodeIgniter.php(903): App\Controllers\AdminController->__construct()
 2 SYSTEMPATH\CodeIgniter.php(498): CodeIgniter\CodeIgniter->createController()
 3 SYSTEMPATH\CodeIgniter.php(354): CodeIgniter\CodeIgniter->handleRequest(null, Object(Config\Cache), false)
 4 SYSTEMPATH\Boot.php(334): CodeIgniter\CodeIgniter->run()
 5 SYSTEMPATH\Boot.php(67): CodeIgniter\Boot::runCodeIgniter(Object(CodeIgniter\CodeIgniter))
 6 FCPATH\index.php(56): CodeIgniter\Boot::bootWeb(Object(Config\Paths))
 7 SYSTEMPATH\rewrite.php(44): require_once('C:\\PT Bukit Asam Tbk Unit Dermaga Kertapati\\Sistem Informasi Permintaan Surat Perobatan\\public\\index.php')
DEBUG - 2025-05-27 07:04:18 --> Session: Class initialized using 'CodeIgniter\Session\Handlers\FileHandler' driver.
WARNING - 2025-05-27 07:04:18 --> [DEPRECATED] Creation of dynamic property App\Controllers\AdminController::$dompdfOptions is deprecated in APPPATH\Controllers\AdminController.php on line 26.
 1 SYSTEMPATH\CodeIgniter.php(903): App\Controllers\AdminController->__construct()
 2 SYSTEMPATH\CodeIgniter.php(498): CodeIgniter\CodeIgniter->createController()
 3 SYSTEMPATH\CodeIgniter.php(354): CodeIgniter\CodeIgniter->handleRequest(null, Object(Config\Cache), false)
 4 SYSTEMPATH\Boot.php(334): CodeIgniter\CodeIgniter->run()
 5 SYSTEMPATH\Boot.php(67): CodeIgniter\Boot::runCodeIgniter(Object(CodeIgniter\CodeIgniter))
 6 FCPATH\index.php(56): CodeIgniter\Boot::bootWeb(Object(Config\Paths))
 7 SYSTEMPATH\rewrite.php(44): require_once('C:\\PT Bukit Asam Tbk Unit Dermaga Kertapati\\Sistem Informasi Permintaan Surat Perobatan\\public\\index.php')
DEBUG - 2025-05-27 07:05:24 --> Session: Class initialized using 'CodeIgniter\Session\Handlers\FileHandler' driver.
DEBUG - 2025-05-27 07:05:29 --> Session: Class initialized using 'CodeIgniter\Session\Handlers\FileHandler' driver.
WARNING - 2025-05-27 07:05:29 --> [DEPRECATED] Creation of dynamic property App\Controllers\AdminController::$dompdfOptions is deprecated in APPPATH\Controllers\AdminController.php on line 26.
 1 SYSTEMPATH\CodeIgniter.php(903): App\Controllers\AdminController->__construct()
 2 SYSTEMPATH\CodeIgniter.php(498): CodeIgniter\CodeIgniter->createController()
 3 SYSTEMPATH\CodeIgniter.php(354): CodeIgniter\CodeIgniter->handleRequest(null, Object(Config\Cache), false)
 4 SYSTEMPATH\Boot.php(334): CodeIgniter\CodeIgniter->run()
 5 SYSTEMPATH\Boot.php(67): CodeIgniter\Boot::runCodeIgniter(Object(CodeIgniter\CodeIgniter))
 6 FCPATH\index.php(56): CodeIgniter\Boot::bootWeb(Object(Config\Paths))
 7 SYSTEMPATH\rewrite.php(44): require_once('C:\\PT Bukit Asam Tbk Unit Dermaga Kertapati\\Sistem Informasi Permintaan Surat Perobatan\\public\\index.php')
DEBUG - 2025-05-27 07:06:44 --> Session: Class initialized using 'CodeIgniter\Session\Handlers\FileHandler' driver.
WARNING - 2025-05-27 07:06:44 --> [DEPRECATED] Creation of dynamic property App\Controllers\AdminController::$dompdfOptions is deprecated in APPPATH\Controllers\AdminController.php on line 26.
 1 SYSTEMPATH\CodeIgniter.php(903): App\Controllers\AdminController->__construct()
 2 SYSTEMPATH\CodeIgniter.php(498): CodeIgniter\CodeIgniter->createController()
 3 SYSTEMPATH\CodeIgniter.php(354): CodeIgniter\CodeIgniter->handleRequest(null, Object(Config\Cache), false)
 4 SYSTEMPATH\Boot.php(334): CodeIgniter\CodeIgniter->run()
 5 SYSTEMPATH\Boot.php(67): CodeIgniter\Boot::runCodeIgniter(Object(CodeIgniter\CodeIgniter))
 6 FCPATH\index.php(56): CodeIgniter\Boot::bootWeb(Object(Config\Paths))
 7 SYSTEMPATH\rewrite.php(44): require_once('C:\\PT Bukit Asam Tbk Unit Dermaga Kertapati\\Sistem Informasi Permintaan Surat Perobatan\\public\\index.php')
DEBUG - 2025-05-27 07:06:47 --> Session: Class initialized using 'CodeIgniter\Session\Handlers\FileHandler' driver.
WARNING - 2025-05-27 07:06:47 --> [DEPRECATED] Creation of dynamic property App\Controllers\AdminController::$dompdfOptions is deprecated in APPPATH\Controllers\AdminController.php on line 26.
 1 SYSTEMPATH\CodeIgniter.php(903): App\Controllers\AdminController->__construct()
 2 SYSTEMPATH\CodeIgniter.php(498): CodeIgniter\CodeIgniter->createController()
 3 SYSTEMPATH\CodeIgniter.php(354): CodeIgniter\CodeIgniter->handleRequest(null, Object(Config\Cache), false)
 4 SYSTEMPATH\Boot.php(334): CodeIgniter\CodeIgniter->run()
 5 SYSTEMPATH\Boot.php(67): CodeIgniter\Boot::runCodeIgniter(Object(CodeIgniter\CodeIgniter))
 6 FCPATH\index.php(56): CodeIgniter\Boot::bootWeb(Object(Config\Paths))
 7 SYSTEMPATH\rewrite.php(44): require_once('C:\\PT Bukit Asam Tbk Unit Dermaga Kertapati\\Sistem Informasi Permintaan Surat Perobatan\\public\\index.php')
DEBUG - 2025-05-27 07:07:11 --> Session: Class initialized using 'CodeIgniter\Session\Handlers\FileHandler' driver.
WARNING - 2025-05-27 07:07:11 --> [DEPRECATED] Creation of dynamic property App\Controllers\AdminController::$dompdfOptions is deprecated in APPPATH\Controllers\AdminController.php on line 26.
 1 SYSTEMPATH\CodeIgniter.php(903): App\Controllers\AdminController->__construct()
 2 SYSTEMPATH\CodeIgniter.php(498): CodeIgniter\CodeIgniter->createController()
 3 SYSTEMPATH\CodeIgniter.php(354): CodeIgniter\CodeIgniter->handleRequest(null, Object(Config\Cache), false)
 4 SYSTEMPATH\Boot.php(334): CodeIgniter\CodeIgniter->run()
 5 SYSTEMPATH\Boot.php(67): CodeIgniter\Boot::runCodeIgniter(Object(CodeIgniter\CodeIgniter))
 6 FCPATH\index.php(56): CodeIgniter\Boot::bootWeb(Object(Config\Paths))
 7 SYSTEMPATH\rewrite.php(44): require_once('C:\\PT Bukit Asam Tbk Unit Dermaga Kertapati\\Sistem Informasi Permintaan Surat Perobatan\\public\\index.php')
DEBUG - 2025-05-27 07:07:13 --> Session: Class initialized using 'CodeIgniter\Session\Handlers\FileHandler' driver.
WARNING - 2025-05-27 07:07:13 --> [DEPRECATED] Creation of dynamic property App\Controllers\AdminController::$dompdfOptions is deprecated in APPPATH\Controllers\AdminController.php on line 26.
 1 SYSTEMPATH\CodeIgniter.php(903): App\Controllers\AdminController->__construct()
 2 SYSTEMPATH\CodeIgniter.php(498): CodeIgniter\CodeIgniter->createController()
 3 SYSTEMPATH\CodeIgniter.php(354): CodeIgniter\CodeIgniter->handleRequest(null, Object(Config\Cache), false)
 4 SYSTEMPATH\Boot.php(334): CodeIgniter\CodeIgniter->run()
 5 SYSTEMPATH\Boot.php(67): CodeIgniter\Boot::runCodeIgniter(Object(CodeIgniter\CodeIgniter))
 6 FCPATH\index.php(56): CodeIgniter\Boot::bootWeb(Object(Config\Paths))
 7 SYSTEMPATH\rewrite.php(44): require_once('C:\\PT Bukit Asam Tbk Unit Dermaga Kertapati\\Sistem Informasi Permintaan Surat Perobatan\\public\\index.php')
DEBUG - 2025-05-27 07:07:44 --> Session: Class initialized using 'CodeIgniter\Session\Handlers\FileHandler' driver.
DEBUG - 2025-05-27 07:07:48 --> Session: Class initialized using 'CodeIgniter\Session\Handlers\FileHandler' driver.
WARNING - 2025-05-27 07:07:48 --> [DEPRECATED] Creation of dynamic property App\Controllers\AdminController::$dompdfOptions is deprecated in APPPATH\Controllers\AdminController.php on line 26.
 1 SYSTEMPATH\CodeIgniter.php(903): App\Controllers\AdminController->__construct()
 2 SYSTEMPATH\CodeIgniter.php(498): CodeIgniter\CodeIgniter->createController()
 3 SYSTEMPATH\CodeIgniter.php(354): CodeIgniter\CodeIgniter->handleRequest(null, Object(Config\Cache), false)
 4 SYSTEMPATH\Boot.php(334): CodeIgniter\CodeIgniter->run()
 5 SYSTEMPATH\Boot.php(67): CodeIgniter\Boot::runCodeIgniter(Object(CodeIgniter\CodeIgniter))
 6 FCPATH\index.php(56): CodeIgniter\Boot::bootWeb(Object(Config\Paths))
 7 SYSTEMPATH\rewrite.php(44): require_once('C:\\PT Bukit Asam Tbk Unit Dermaga Kertapati\\Sistem Informasi Permintaan Surat Perobatan\\public\\index.php')
DEBUG - 2025-05-27 15:42:51 --> Session: Class initialized using 'CodeIgniter\Session\Handlers\FileHandler' driver.
DEBUG - 2025-05-27 15:45:02 --> Session: Class initialized using 'CodeIgniter\Session\Handlers\FileHandler' driver.
DEBUG - 2025-05-27 15:45:02 --> Session: Class initialized using 'CodeIgniter\Session\Handlers\FileHandler' driver.
WARNING - 2025-05-27 15:45:02 --> [DEPRECATED] Creation of dynamic property App\Controllers\AdminController::$dompdfOptions is deprecated in APPPATH\Controllers\AdminController.php on line 26.
 1 SYSTEMPATH\CodeIgniter.php(903): App\Controllers\AdminController->__construct()
 2 SYSTEMPATH\CodeIgniter.php(498): CodeIgniter\CodeIgniter->createController()
 3 SYSTEMPATH\CodeIgniter.php(354): CodeIgniter\CodeIgniter->handleRequest(null, Object(Config\Cache), false)
 4 SYSTEMPATH\Boot.php(334): CodeIgniter\CodeIgniter->run()
 5 SYSTEMPATH\Boot.php(67): CodeIgniter\Boot::runCodeIgniter(Object(CodeIgniter\CodeIgniter))
 6 FCPATH\index.php(56): CodeIgniter\Boot::bootWeb(Object(Config\Paths))
 7 SYSTEMPATH\rewrite.php(44): require_once('C:\\PT Bukit Asam Tbk Unit Dermaga Kertapati\\Sistem Informasi Permintaan Surat Perobatan\\public\\index.php')
DEBUG - 2025-05-27 15:45:04 --> Session: Class initialized using 'CodeIgniter\Session\Handlers\FileHandler' driver.
WARNING - 2025-05-27 15:45:04 --> [DEPRECATED] Creation of dynamic property App\Controllers\AdminController::$dompdfOptions is deprecated in APPPATH\Controllers\AdminController.php on line 26.
 1 SYSTEMPATH\CodeIgniter.php(903): App\Controllers\AdminController->__construct()
 2 SYSTEMPATH\CodeIgniter.php(498): CodeIgniter\CodeIgniter->createController()
 3 SYSTEMPATH\CodeIgniter.php(354): CodeIgniter\CodeIgniter->handleRequest(null, Object(Config\Cache), false)
 4 SYSTEMPATH\Boot.php(334): CodeIgniter\CodeIgniter->run()
 5 SYSTEMPATH\Boot.php(67): CodeIgniter\Boot::runCodeIgniter(Object(CodeIgniter\CodeIgniter))
 6 FCPATH\index.php(56): CodeIgniter\Boot::bootWeb(Object(Config\Paths))
 7 SYSTEMPATH\rewrite.php(44): require_once('C:\\PT Bukit Asam Tbk Unit Dermaga Kertapati\\Sistem Informasi Permintaan Surat Perobatan\\public\\index.php')
DEBUG - 2025-05-27 15:45:44 --> Session: Class initialized using 'CodeIgniter\Session\Handlers\FileHandler' driver.
DEBUG - 2025-05-27 15:45:50 --> Session: Class initialized using 'CodeIgniter\Session\Handlers\FileHandler' driver.
WARNING - 2025-05-27 15:45:50 --> [DEPRECATED] Creation of dynamic property App\Controllers\AdminController::$dompdfOptions is deprecated in APPPATH\Controllers\AdminController.php on line 26.
 1 SYSTEMPATH\CodeIgniter.php(903): App\Controllers\AdminController->__construct()
 2 SYSTEMPATH\CodeIgniter.php(498): CodeIgniter\CodeIgniter->createController()
 3 SYSTEMPATH\CodeIgniter.php(354): CodeIgniter\CodeIgniter->handleRequest(null, Object(Config\Cache), false)
 4 SYSTEMPATH\Boot.php(334): CodeIgniter\CodeIgniter->run()
 5 SYSTEMPATH\Boot.php(67): CodeIgniter\Boot::runCodeIgniter(Object(CodeIgniter\CodeIgniter))
 6 FCPATH\index.php(56): CodeIgniter\Boot::bootWeb(Object(Config\Paths))
 7 SYSTEMPATH\rewrite.php(44): require_once('C:\\PT Bukit Asam Tbk Unit Dermaga Kertapati\\Sistem Informasi Permintaan Surat Perobatan\\public\\index.php')
DEBUG - 2025-05-27 15:54:47 --> Session: Class initialized using 'CodeIgniter\Session\Handlers\FileHandler' driver.
WARNING - 2025-05-27 15:54:47 --> [DEPRECATED] Creation of dynamic property App\Controllers\AdminController::$dompdfOptions is deprecated in APPPATH\Controllers\AdminController.php on line 26.
 1 SYSTEMPATH\CodeIgniter.php(903): App\Controllers\AdminController->__construct()
 2 SYSTEMPATH\CodeIgniter.php(498): CodeIgniter\CodeIgniter->createController()
 3 SYSTEMPATH\CodeIgniter.php(354): CodeIgniter\CodeIgniter->handleRequest(null, Object(Config\Cache), false)
 4 SYSTEMPATH\Boot.php(334): CodeIgniter\CodeIgniter->run()
 5 SYSTEMPATH\Boot.php(67): CodeIgniter\Boot::runCodeIgniter(Object(CodeIgniter\CodeIgniter))
 6 FCPATH\index.php(56): CodeIgniter\Boot::bootWeb(Object(Config\Paths))
 7 SYSTEMPATH\rewrite.php(44): require_once('C:\\PT Bukit Asam Tbk Unit Dermaga Kertapati\\Sistem Informasi Permintaan Surat Perobatan\\public\\index.php')
DEBUG - 2025-05-27 15:54:48 --> Session: Class initialized using 'CodeIgniter\Session\Handlers\FileHandler' driver.
WARNING - 2025-05-27 15:54:48 --> [DEPRECATED] Creation of dynamic property App\Controllers\AdminController::$dompdfOptions is deprecated in APPPATH\Controllers\AdminController.php on line 26.
 1 SYSTEMPATH\CodeIgniter.php(903): App\Controllers\AdminController->__construct()
 2 SYSTEMPATH\CodeIgniter.php(498): CodeIgniter\CodeIgniter->createController()
 3 SYSTEMPATH\CodeIgniter.php(354): CodeIgniter\CodeIgniter->handleRequest(null, Object(Config\Cache), false)
 4 SYSTEMPATH\Boot.php(334): CodeIgniter\CodeIgniter->run()
 5 SYSTEMPATH\Boot.php(67): CodeIgniter\Boot::runCodeIgniter(Object(CodeIgniter\CodeIgniter))
 6 FCPATH\index.php(56): CodeIgniter\Boot::bootWeb(Object(Config\Paths))
 7 SYSTEMPATH\rewrite.php(44): require_once('C:\\PT Bukit Asam Tbk Unit Dermaga Kertapati\\Sistem Informasi Permintaan Surat Perobatan\\public\\index.php')
DEBUG - 2025-05-27 16:12:15 --> Session: Class initialized using 'CodeIgniter\Session\Handlers\FileHandler' driver.
DEBUG - 2025-05-27 16:12:19 --> Session: Class initialized using 'CodeIgniter\Session\Handlers\FileHandler' driver.
WARNING - 2025-05-27 16:12:19 --> [DEPRECATED] Creation of dynamic property App\Controllers\AdminController::$dompdfOptions is deprecated in APPPATH\Controllers\AdminController.php on line 26.
 1 SYSTEMPATH\CodeIgniter.php(903): App\Controllers\AdminController->__construct()
 2 SYSTEMPATH\CodeIgniter.php(498): CodeIgniter\CodeIgniter->createController()
 3 SYSTEMPATH\CodeIgniter.php(354): CodeIgniter\CodeIgniter->handleRequest(null, Object(Config\Cache), false)
 4 SYSTEMPATH\Boot.php(334): CodeIgniter\CodeIgniter->run()
 5 SYSTEMPATH\Boot.php(67): CodeIgniter\Boot::runCodeIgniter(Object(CodeIgniter\CodeIgniter))
 6 FCPATH\index.php(56): CodeIgniter\Boot::bootWeb(Object(Config\Paths))
 7 SYSTEMPATH\rewrite.php(44): require_once('C:\\PT Bukit Asam Tbk Unit Dermaga Kertapati\\Sistem Informasi Permintaan Surat Perobatan\\public\\index.php')
DEBUG - 2025-05-27 16:35:32 --> Session: Class initialized using 'CodeIgniter\Session\Handlers\FileHandler' driver.
DEBUG - 2025-05-27 16:35:37 --> Session: Class initialized using 'CodeIgniter\Session\Handlers\FileHandler' driver.
WARNING - 2025-05-27 16:35:37 --> [DEPRECATED] Creation of dynamic property App\Controllers\AdminController::$dompdfOptions is deprecated in APPPATH\Controllers\AdminController.php on line 26.
 1 SYSTEMPATH\CodeIgniter.php(903): App\Controllers\AdminController->__construct()
 2 SYSTEMPATH\CodeIgniter.php(498): CodeIgniter\CodeIgniter->createController()
 3 SYSTEMPATH\CodeIgniter.php(354): CodeIgniter\CodeIgniter->handleRequest(null, Object(Config\Cache), false)
 4 SYSTEMPATH\Boot.php(334): CodeIgniter\CodeIgniter->run()
 5 SYSTEMPATH\Boot.php(67): CodeIgniter\Boot::runCodeIgniter(Object(CodeIgniter\CodeIgniter))
 6 FCPATH\index.php(56): CodeIgniter\Boot::bootWeb(Object(Config\Paths))
 7 SYSTEMPATH\rewrite.php(44): require_once('C:\\PT Bukit Asam Tbk Unit Dermaga Kertapati\\Sistem Informasi Permintaan Surat Perobatan\\public\\index.php')
