DEBUG - 2025-05-13 23:53:11 --> Session: Class initialized using 'CodeIgniter\Session\Handlers\FileHandler' driver.
DEBUG - 2025-05-13 23:53:11 --> Session: Class initialized using 'CodeIgniter\Session\Handlers\FileHandler' driver.
DEBUG - 2025-05-13 23:53:11 --> AuthFilter triggered. Session ID: 
WARNING - 2025-05-13 23:53:11 --> [DEPRECATED] Creation of dynamic property App\Controllers\AdminController::$dompdfOptions is deprecated in APPPATH\Controllers\AdminController.php on line 26.
 1 SYSTEMPATH\CodeIgniter.php(903): App\Controllers\AdminController->__construct()
 2 SYSTEMPATH\CodeIgniter.php(498): CodeIgniter\CodeIgniter->createController()
 3 SYSTEMPATH\CodeIgniter.php(354): CodeIgniter\CodeIgniter->handleRequest(null, Object(Config\Cache), false)
 4 SYSTEMPATH\Boot.php(334): CodeIgniter\CodeIgniter->run()
 5 SYSTEMPATH\Boot.php(67): CodeIgniter\Boot::runCodeIgniter(Object(CodeIgniter\CodeIgniter))
 6 FCPATH\index.php(56): CodeIgniter\Boot::bootWeb(Object(Config\Paths))
 7 SYSTEMPATH\rewrite.php(44): require_once('C:\\PT Bukit Asam Tbk Unit Dermaga Kertapati\\Sistem Informasi Permintaan Surat Perobatan\\public\\index.php')
DEBUG - 2025-05-13 23:53:40 --> Session: Class initialized using 'CodeIgniter\Session\Handlers\FileHandler' driver.
DEBUG - 2025-05-13 23:53:40 --> AuthFilter triggered. Session ID: 
WARNING - 2025-05-13 23:53:40 --> [DEPRECATED] Creation of dynamic property App\Controllers\AdminController::$dompdfOptions is deprecated in APPPATH\Controllers\AdminController.php on line 26.
 1 SYSTEMPATH\CodeIgniter.php(903): App\Controllers\AdminController->__construct()
 2 SYSTEMPATH\CodeIgniter.php(498): CodeIgniter\CodeIgniter->createController()
 3 SYSTEMPATH\CodeIgniter.php(354): CodeIgniter\CodeIgniter->handleRequest(null, Object(Config\Cache), false)
 4 SYSTEMPATH\Boot.php(334): CodeIgniter\CodeIgniter->run()
 5 SYSTEMPATH\Boot.php(67): CodeIgniter\Boot::runCodeIgniter(Object(CodeIgniter\CodeIgniter))
 6 FCPATH\index.php(56): CodeIgniter\Boot::bootWeb(Object(Config\Paths))
 7 SYSTEMPATH\rewrite.php(44): require_once('C:\\PT Bukit Asam Tbk Unit Dermaga Kertapati\\Sistem Informasi Permintaan Surat Perobatan\\public\\index.php')
DEBUG - 2025-05-13 23:53:50 --> Session: Class initialized using 'CodeIgniter\Session\Handlers\FileHandler' driver.
DEBUG - 2025-05-13 23:53:50 --> AuthFilter triggered. Session ID: 
WARNING - 2025-05-13 23:53:50 --> [DEPRECATED] Creation of dynamic property App\Controllers\AdminController::$dompdfOptions is deprecated in APPPATH\Controllers\AdminController.php on line 26.
 1 SYSTEMPATH\CodeIgniter.php(903): App\Controllers\AdminController->__construct()
 2 SYSTEMPATH\CodeIgniter.php(498): CodeIgniter\CodeIgniter->createController()
 3 SYSTEMPATH\CodeIgniter.php(354): CodeIgniter\CodeIgniter->handleRequest(null, Object(Config\Cache), false)
 4 SYSTEMPATH\Boot.php(334): CodeIgniter\CodeIgniter->run()
 5 SYSTEMPATH\Boot.php(67): CodeIgniter\Boot::runCodeIgniter(Object(CodeIgniter\CodeIgniter))
 6 FCPATH\index.php(56): CodeIgniter\Boot::bootWeb(Object(Config\Paths))
 7 SYSTEMPATH\rewrite.php(44): require_once('C:\\PT Bukit Asam Tbk Unit Dermaga Kertapati\\Sistem Informasi Permintaan Surat Perobatan\\public\\index.php')
DEBUG - 2025-05-13 23:55:28 --> Session: Class initialized using 'CodeIgniter\Session\Handlers\FileHandler' driver.
DEBUG - 2025-05-13 23:55:28 --> AuthFilter triggered. Session ID: 
WARNING - 2025-05-13 23:55:28 --> [DEPRECATED] Creation of dynamic property App\Controllers\AdminController::$dompdfOptions is deprecated in APPPATH\Controllers\AdminController.php on line 26.
 1 SYSTEMPATH\CodeIgniter.php(903): App\Controllers\AdminController->__construct()
 2 SYSTEMPATH\CodeIgniter.php(498): CodeIgniter\CodeIgniter->createController()
 3 SYSTEMPATH\CodeIgniter.php(354): CodeIgniter\CodeIgniter->handleRequest(null, Object(Config\Cache), false)
 4 SYSTEMPATH\Boot.php(334): CodeIgniter\CodeIgniter->run()
 5 SYSTEMPATH\Boot.php(67): CodeIgniter\Boot::runCodeIgniter(Object(CodeIgniter\CodeIgniter))
 6 FCPATH\index.php(56): CodeIgniter\Boot::bootWeb(Object(Config\Paths))
 7 SYSTEMPATH\rewrite.php(44): require_once('C:\\PT Bukit Asam Tbk Unit Dermaga Kertapati\\Sistem Informasi Permintaan Surat Perobatan\\public\\index.php')
DEBUG - 2025-05-13 23:55:50 --> Session: Class initialized using 'CodeIgniter\Session\Handlers\FileHandler' driver.
DEBUG - 2025-05-13 23:55:50 --> AuthFilter triggered. Session ID: 
WARNING - 2025-05-13 23:55:50 --> [DEPRECATED] Creation of dynamic property App\Controllers\AdminController::$dompdfOptions is deprecated in APPPATH\Controllers\AdminController.php on line 26.
 1 SYSTEMPATH\CodeIgniter.php(903): App\Controllers\AdminController->__construct()
 2 SYSTEMPATH\CodeIgniter.php(498): CodeIgniter\CodeIgniter->createController()
 3 SYSTEMPATH\CodeIgniter.php(354): CodeIgniter\CodeIgniter->handleRequest(null, Object(Config\Cache), false)
 4 SYSTEMPATH\Boot.php(334): CodeIgniter\CodeIgniter->run()
 5 SYSTEMPATH\Boot.php(67): CodeIgniter\Boot::runCodeIgniter(Object(CodeIgniter\CodeIgniter))
 6 FCPATH\index.php(56): CodeIgniter\Boot::bootWeb(Object(Config\Paths))
 7 SYSTEMPATH\rewrite.php(44): require_once('C:\\PT Bukit Asam Tbk Unit Dermaga Kertapati\\Sistem Informasi Permintaan Surat Perobatan\\public\\index.php')
DEBUG - 2025-05-13 23:55:56 --> Session: Class initialized using 'CodeIgniter\Session\Handlers\FileHandler' driver.
DEBUG - 2025-05-13 23:55:56 --> AuthFilter triggered. Session ID: 
WARNING - 2025-05-13 23:55:56 --> [DEPRECATED] Creation of dynamic property App\Controllers\AdminController::$dompdfOptions is deprecated in APPPATH\Controllers\AdminController.php on line 26.
 1 SYSTEMPATH\CodeIgniter.php(903): App\Controllers\AdminController->__construct()
 2 SYSTEMPATH\CodeIgniter.php(498): CodeIgniter\CodeIgniter->createController()
 3 SYSTEMPATH\CodeIgniter.php(354): CodeIgniter\CodeIgniter->handleRequest(null, Object(Config\Cache), false)
 4 SYSTEMPATH\Boot.php(334): CodeIgniter\CodeIgniter->run()
 5 SYSTEMPATH\Boot.php(67): CodeIgniter\Boot::runCodeIgniter(Object(CodeIgniter\CodeIgniter))
 6 FCPATH\index.php(56): CodeIgniter\Boot::bootWeb(Object(Config\Paths))
 7 SYSTEMPATH\rewrite.php(44): require_once('C:\\PT Bukit Asam Tbk Unit Dermaga Kertapati\\Sistem Informasi Permintaan Surat Perobatan\\public\\index.php')
