ERROR - 2025-03-18 04:54:01 --> Error connecting to the database: mysqli_sql_exception: Access denied for user ''@'localhost' (using password: NO) in C:\projectweb\Sistem Informasi Permintaan Surat Perobatan\system\Database\MySQLi\Connection.php:201
Stack trace:
#0 C:\projectweb\Sistem Informasi Permintaan Surat Perobatan\system\Database\MySQLi\Connection.php(201): mysqli->real_connect('localhost', '', Object(SensitiveParameterValue), '', 3306, '', 0)
#1 C:\projectweb\Sistem Informasi Permintaan Surat Perobatan\system\Database\BaseConnection.php(421): CodeIgniter\Database\MySQLi\Connection->connect(false)
#2 C:\projectweb\Sistem Informasi Permintaan Surat Perobatan\system\Database\BaseConnection.php(620): CodeIgniter\Database\BaseConnection->initialize()
#3 C:\projectweb\Sistem Informasi Permintaan Surat Perobatan\system\Database\BaseBuilder.php(2345): CodeIgniter\Database\BaseConnection->query('INSERT INTO `fo...', Array, false)
#4 C:\projectweb\Sistem Informasi Permintaan Surat Perobatan\system\Model.php(394): CodeIgniter\Database\BaseBuilder->insert()
#5 C:\projectweb\Sistem Informasi Permintaan Surat Perobatan\system\BaseModel.php(839): CodeIgniter\Model->doInsert(Array)
#6 C:\projectweb\Sistem Informasi Permintaan Surat Perobatan\system\Model.php(800): CodeIgniter\BaseModel->insert(Array, true)
#7 C:\projectweb\Sistem Informasi Permintaan Surat Perobatan\app\Controllers\FormController.php(29): CodeIgniter\Model->insert(Array)
#8 C:\projectweb\Sistem Informasi Permintaan Surat Perobatan\system\CodeIgniter.php(933): App\Controllers\FormController->simpan()
#9 C:\projectweb\Sistem Informasi Permintaan Surat Perobatan\system\CodeIgniter.php(507): CodeIgniter\CodeIgniter->runController(Object(App\Controllers\FormController))
#10 C:\projectweb\Sistem Informasi Permintaan Surat Perobatan\system\CodeIgniter.php(354): CodeIgniter\CodeIgniter->handleRequest(NULL, Object(Config\Cache), false)
#11 C:\projectweb\Sistem Informasi Permintaan Surat Perobatan\system\Boot.php(334): CodeIgniter\CodeIgniter->run()
#12 C:\projectweb\Sistem Informasi Permintaan Surat Perobatan\system\Boot.php(67): CodeIgniter\Boot::runCodeIgniter(Object(CodeIgniter\CodeIgniter))
#13 C:\projectweb\Sistem Informasi Permintaan Surat Perobatan\public\index.php(56): CodeIgniter\Boot::bootWeb(Object(Config\Paths))
#14 C:\projectweb\Sistem Informasi Permintaan Surat Perobatan\system\rewrite.php(44): require_once('C:\\projectweb\\S...')
#15 {main}

Next CodeIgniter\Database\Exceptions\DatabaseException: Access denied for user ''@'localhost' (using password: NO) in C:\projectweb\Sistem Informasi Permintaan Surat Perobatan\system\Database\MySQLi\Connection.php:246
Stack trace:
#0 C:\projectweb\Sistem Informasi Permintaan Surat Perobatan\system\Database\BaseConnection.php(421): CodeIgniter\Database\MySQLi\Connection->connect(false)
#1 C:\projectweb\Sistem Informasi Permintaan Surat Perobatan\system\Database\BaseConnection.php(620): CodeIgniter\Database\BaseConnection->initialize()
#2 C:\projectweb\Sistem Informasi Permintaan Surat Perobatan\system\Database\BaseBuilder.php(2345): CodeIgniter\Database\BaseConnection->query('INSERT INTO `fo...', Array, false)
#3 C:\projectweb\Sistem Informasi Permintaan Surat Perobatan\system\Model.php(394): CodeIgniter\Database\BaseBuilder->insert()
#4 C:\projectweb\Sistem Informasi Permintaan Surat Perobatan\system\BaseModel.php(839): CodeIgniter\Model->doInsert(Array)
#5 C:\projectweb\Sistem Informasi Permintaan Surat Perobatan\system\Model.php(800): CodeIgniter\BaseModel->insert(Array, true)
#6 C:\projectweb\Sistem Informasi Permintaan Surat Perobatan\app\Controllers\FormController.php(29): CodeIgniter\Model->insert(Array)
#7 C:\projectweb\Sistem Informasi Permintaan Surat Perobatan\system\CodeIgniter.php(933): App\Controllers\FormController->simpan()
#8 C:\projectweb\Sistem Informasi Permintaan Surat Perobatan\system\CodeIgniter.php(507): CodeIgniter\CodeIgniter->runController(Object(App\Controllers\FormController))
#9 C:\projectweb\Sistem Informasi Permintaan Surat Perobatan\system\CodeIgniter.php(354): CodeIgniter\CodeIgniter->handleRequest(NULL, Object(Config\Cache), false)
#10 C:\projectweb\Sistem Informasi Permintaan Surat Perobatan\system\Boot.php(334): CodeIgniter\CodeIgniter->run()
#11 C:\projectweb\Sistem Informasi Permintaan Surat Perobatan\system\Boot.php(67): CodeIgniter\Boot::runCodeIgniter(Object(CodeIgniter\CodeIgniter))
#12 C:\projectweb\Sistem Informasi Permintaan Surat Perobatan\public\index.php(56): CodeIgniter\Boot::bootWeb(Object(Config\Paths))
#13 C:\projectweb\Sistem Informasi Permintaan Surat Perobatan\system\rewrite.php(44): require_once('C:\\projectweb\\S...')
#14 {main}
CRITICAL - 2025-03-18 04:54:01 --> CodeIgniter\Database\Exceptions\DatabaseException: Unable to connect to the database.
Main connection [MySQLi]: Access denied for user ''@'localhost' (using password: NO)
[Method: POST, Route: form/simpan]
in SYSTEMPATH\Database\BaseConnection.php on line 467.
 1 SYSTEMPATH\Database\BaseConnection.php(620): CodeIgniter\Database\BaseConnection->initialize()
 2 SYSTEMPATH\Database\BaseBuilder.php(2345): CodeIgniter\Database\BaseConnection->query('INSERT INTO `form_data` (`nama_lengkap`, `email`, `phone`, `nik`, `alamat`, `keterangan`, `status`) VALUES (:nama_lengkap:, :email:, :phone:, :nik:, :alamat:, :keterangan:, :status:)', [...], false)
 3 SYSTEMPATH\Model.php(394): CodeIgniter\Database\BaseBuilder->insert()
 4 SYSTEMPATH\BaseModel.php(839): CodeIgniter\Model->doInsert([...])
 5 SYSTEMPATH\Model.php(800): CodeIgniter\BaseModel->insert([...], true)
 6 APPPATH\Controllers\FormController.php(29): CodeIgniter\Model->insert([...])
 7 SYSTEMPATH\CodeIgniter.php(933): App\Controllers\FormController->simpan()
 8 SYSTEMPATH\CodeIgniter.php(507): CodeIgniter\CodeIgniter->runController(Object(App\Controllers\FormController))
 9 SYSTEMPATH\CodeIgniter.php(354): CodeIgniter\CodeIgniter->handleRequest(null, Object(Config\Cache), false)
10 SYSTEMPATH\Boot.php(334): CodeIgniter\CodeIgniter->run()
11 SYSTEMPATH\Boot.php(67): CodeIgniter\Boot::runCodeIgniter(Object(CodeIgniter\CodeIgniter))
12 FCPATH\index.php(56): CodeIgniter\Boot::bootWeb(Object(Config\Paths))
13 SYSTEMPATH\rewrite.php(44): require_once('C:\\projectweb\\Sistem Informasi Permintaan Surat Perobatan\\public\\index.php')
ERROR - 2025-03-18 05:03:02 --> Error connecting to the database: mysqli_sql_exception: Access denied for user 'root'@'localhost' (using password: YES) in C:\projectweb\Sistem Informasi Permintaan Surat Perobatan\system\Database\MySQLi\Connection.php:201
Stack trace:
#0 C:\projectweb\Sistem Informasi Permintaan Surat Perobatan\system\Database\MySQLi\Connection.php(201): mysqli->real_connect('localhost', 'root', Object(SensitiveParameterValue), 'db_surat_peroba...', 3306, '', 0)
#1 C:\projectweb\Sistem Informasi Permintaan Surat Perobatan\system\Database\BaseConnection.php(421): CodeIgniter\Database\MySQLi\Connection->connect(false)
#2 C:\projectweb\Sistem Informasi Permintaan Surat Perobatan\system\Database\BaseConnection.php(620): CodeIgniter\Database\BaseConnection->initialize()
#3 C:\projectweb\Sistem Informasi Permintaan Surat Perobatan\system\Database\BaseBuilder.php(2345): CodeIgniter\Database\BaseConnection->query('INSERT INTO `fo...', Array, false)
#4 C:\projectweb\Sistem Informasi Permintaan Surat Perobatan\system\Model.php(394): CodeIgniter\Database\BaseBuilder->insert()
#5 C:\projectweb\Sistem Informasi Permintaan Surat Perobatan\system\BaseModel.php(839): CodeIgniter\Model->doInsert(Array)
#6 C:\projectweb\Sistem Informasi Permintaan Surat Perobatan\system\Model.php(800): CodeIgniter\BaseModel->insert(Array, true)
#7 C:\projectweb\Sistem Informasi Permintaan Surat Perobatan\app\Controllers\FormController.php(29): CodeIgniter\Model->insert(Array)
#8 C:\projectweb\Sistem Informasi Permintaan Surat Perobatan\system\CodeIgniter.php(933): App\Controllers\FormController->simpan()
#9 C:\projectweb\Sistem Informasi Permintaan Surat Perobatan\system\CodeIgniter.php(507): CodeIgniter\CodeIgniter->runController(Object(App\Controllers\FormController))
#10 C:\projectweb\Sistem Informasi Permintaan Surat Perobatan\system\CodeIgniter.php(354): CodeIgniter\CodeIgniter->handleRequest(NULL, Object(Config\Cache), false)
#11 C:\projectweb\Sistem Informasi Permintaan Surat Perobatan\system\Boot.php(334): CodeIgniter\CodeIgniter->run()
#12 C:\projectweb\Sistem Informasi Permintaan Surat Perobatan\system\Boot.php(67): CodeIgniter\Boot::runCodeIgniter(Object(CodeIgniter\CodeIgniter))
#13 C:\projectweb\Sistem Informasi Permintaan Surat Perobatan\public\index.php(56): CodeIgniter\Boot::bootWeb(Object(Config\Paths))
#14 C:\projectweb\Sistem Informasi Permintaan Surat Perobatan\system\rewrite.php(44): require_once('C:\\projectweb\\S...')
#15 {main}

Next CodeIgniter\Database\Exceptions\DatabaseException: Access denied for user '****'@'localhost' (using password: YES) in C:\projectweb\Sistem Informasi Permintaan Surat Perobatan\system\Database\MySQLi\Connection.php:246
Stack trace:
#0 C:\projectweb\Sistem Informasi Permintaan Surat Perobatan\system\Database\BaseConnection.php(421): CodeIgniter\Database\MySQLi\Connection->connect(false)
#1 C:\projectweb\Sistem Informasi Permintaan Surat Perobatan\system\Database\BaseConnection.php(620): CodeIgniter\Database\BaseConnection->initialize()
#2 C:\projectweb\Sistem Informasi Permintaan Surat Perobatan\system\Database\BaseBuilder.php(2345): CodeIgniter\Database\BaseConnection->query('INSERT INTO `fo...', Array, false)
#3 C:\projectweb\Sistem Informasi Permintaan Surat Perobatan\system\Model.php(394): CodeIgniter\Database\BaseBuilder->insert()
#4 C:\projectweb\Sistem Informasi Permintaan Surat Perobatan\system\BaseModel.php(839): CodeIgniter\Model->doInsert(Array)
#5 C:\projectweb\Sistem Informasi Permintaan Surat Perobatan\system\Model.php(800): CodeIgniter\BaseModel->insert(Array, true)
#6 C:\projectweb\Sistem Informasi Permintaan Surat Perobatan\app\Controllers\FormController.php(29): CodeIgniter\Model->insert(Array)
#7 C:\projectweb\Sistem Informasi Permintaan Surat Perobatan\system\CodeIgniter.php(933): App\Controllers\FormController->simpan()
#8 C:\projectweb\Sistem Informasi Permintaan Surat Perobatan\system\CodeIgniter.php(507): CodeIgniter\CodeIgniter->runController(Object(App\Controllers\FormController))
#9 C:\projectweb\Sistem Informasi Permintaan Surat Perobatan\system\CodeIgniter.php(354): CodeIgniter\CodeIgniter->handleRequest(NULL, Object(Config\Cache), false)
#10 C:\projectweb\Sistem Informasi Permintaan Surat Perobatan\system\Boot.php(334): CodeIgniter\CodeIgniter->run()
#11 C:\projectweb\Sistem Informasi Permintaan Surat Perobatan\system\Boot.php(67): CodeIgniter\Boot::runCodeIgniter(Object(CodeIgniter\CodeIgniter))
#12 C:\projectweb\Sistem Informasi Permintaan Surat Perobatan\public\index.php(56): CodeIgniter\Boot::bootWeb(Object(Config\Paths))
#13 C:\projectweb\Sistem Informasi Permintaan Surat Perobatan\system\rewrite.php(44): require_once('C:\\projectweb\\S...')
#14 {main}
CRITICAL - 2025-03-18 05:03:02 --> CodeIgniter\Database\Exceptions\DatabaseException: Unable to connect to the database.
Main connection [MySQLi]: Access denied for user '****'@'localhost' (using password: YES)
[Method: POST, Route: form/simpan]
in SYSTEMPATH\Database\BaseConnection.php on line 467.
 1 SYSTEMPATH\Database\BaseConnection.php(620): CodeIgniter\Database\BaseConnection->initialize()
 2 SYSTEMPATH\Database\BaseBuilder.php(2345): CodeIgniter\Database\BaseConnection->query('INSERT INTO `form_data` (`nama_lengkap`, `email`, `phone`, `nik`, `alamat`, `keterangan`, `status`) VALUES (:nama_lengkap:, :email:, :phone:, :nik:, :alamat:, :keterangan:, :status:)', [...], false)
 3 SYSTEMPATH\Model.php(394): CodeIgniter\Database\BaseBuilder->insert()
 4 SYSTEMPATH\BaseModel.php(839): CodeIgniter\Model->doInsert([...])
 5 SYSTEMPATH\Model.php(800): CodeIgniter\BaseModel->insert([...], true)
 6 APPPATH\Controllers\FormController.php(29): CodeIgniter\Model->insert([...])
 7 SYSTEMPATH\CodeIgniter.php(933): App\Controllers\FormController->simpan()
 8 SYSTEMPATH\CodeIgniter.php(507): CodeIgniter\CodeIgniter->runController(Object(App\Controllers\FormController))
 9 SYSTEMPATH\CodeIgniter.php(354): CodeIgniter\CodeIgniter->handleRequest(null, Object(Config\Cache), false)
10 SYSTEMPATH\Boot.php(334): CodeIgniter\CodeIgniter->run()
11 SYSTEMPATH\Boot.php(67): CodeIgniter\Boot::runCodeIgniter(Object(CodeIgniter\CodeIgniter))
12 FCPATH\index.php(56): CodeIgniter\Boot::bootWeb(Object(Config\Paths))
13 SYSTEMPATH\rewrite.php(44): require_once('C:\\projectweb\\Sistem Informasi Permintaan Surat Perobatan\\public\\index.php')
ERROR - 2025-03-18 05:05:42 --> Error connecting to the database: mysqli_sql_exception: Access denied for user 'root'@'localhost' (using password: YES) in C:\projectweb\Sistem Informasi Permintaan Surat Perobatan\system\Database\MySQLi\Connection.php:201
Stack trace:
#0 C:\projectweb\Sistem Informasi Permintaan Surat Perobatan\system\Database\MySQLi\Connection.php(201): mysqli->real_connect('localhost', 'root', Object(SensitiveParameterValue), 'db_surat_peroba...', 3306, '', 0)
#1 C:\projectweb\Sistem Informasi Permintaan Surat Perobatan\system\Database\BaseConnection.php(421): CodeIgniter\Database\MySQLi\Connection->connect(false)
#2 C:\projectweb\Sistem Informasi Permintaan Surat Perobatan\system\Database\BaseConnection.php(620): CodeIgniter\Database\BaseConnection->initialize()
#3 C:\projectweb\Sistem Informasi Permintaan Surat Perobatan\system\Database\BaseBuilder.php(2345): CodeIgniter\Database\BaseConnection->query('INSERT INTO `fo...', Array, false)
#4 C:\projectweb\Sistem Informasi Permintaan Surat Perobatan\system\Model.php(394): CodeIgniter\Database\BaseBuilder->insert()
#5 C:\projectweb\Sistem Informasi Permintaan Surat Perobatan\system\BaseModel.php(839): CodeIgniter\Model->doInsert(Array)
#6 C:\projectweb\Sistem Informasi Permintaan Surat Perobatan\system\Model.php(800): CodeIgniter\BaseModel->insert(Array, true)
#7 C:\projectweb\Sistem Informasi Permintaan Surat Perobatan\app\Controllers\FormController.php(29): CodeIgniter\Model->insert(Array)
#8 C:\projectweb\Sistem Informasi Permintaan Surat Perobatan\system\CodeIgniter.php(933): App\Controllers\FormController->simpan()
#9 C:\projectweb\Sistem Informasi Permintaan Surat Perobatan\system\CodeIgniter.php(507): CodeIgniter\CodeIgniter->runController(Object(App\Controllers\FormController))
#10 C:\projectweb\Sistem Informasi Permintaan Surat Perobatan\system\CodeIgniter.php(354): CodeIgniter\CodeIgniter->handleRequest(NULL, Object(Config\Cache), false)
#11 C:\projectweb\Sistem Informasi Permintaan Surat Perobatan\system\Boot.php(334): CodeIgniter\CodeIgniter->run()
#12 C:\projectweb\Sistem Informasi Permintaan Surat Perobatan\system\Boot.php(67): CodeIgniter\Boot::runCodeIgniter(Object(CodeIgniter\CodeIgniter))
#13 C:\projectweb\Sistem Informasi Permintaan Surat Perobatan\public\index.php(56): CodeIgniter\Boot::bootWeb(Object(Config\Paths))
#14 C:\projectweb\Sistem Informasi Permintaan Surat Perobatan\system\rewrite.php(44): require_once('C:\\projectweb\\S...')
#15 {main}

Next CodeIgniter\Database\Exceptions\DatabaseException: Access denied for user '****'@'localhost' (using password: YES) in C:\projectweb\Sistem Informasi Permintaan Surat Perobatan\system\Database\MySQLi\Connection.php:246
Stack trace:
#0 C:\projectweb\Sistem Informasi Permintaan Surat Perobatan\system\Database\BaseConnection.php(421): CodeIgniter\Database\MySQLi\Connection->connect(false)
#1 C:\projectweb\Sistem Informasi Permintaan Surat Perobatan\system\Database\BaseConnection.php(620): CodeIgniter\Database\BaseConnection->initialize()
#2 C:\projectweb\Sistem Informasi Permintaan Surat Perobatan\system\Database\BaseBuilder.php(2345): CodeIgniter\Database\BaseConnection->query('INSERT INTO `fo...', Array, false)
#3 C:\projectweb\Sistem Informasi Permintaan Surat Perobatan\system\Model.php(394): CodeIgniter\Database\BaseBuilder->insert()
#4 C:\projectweb\Sistem Informasi Permintaan Surat Perobatan\system\BaseModel.php(839): CodeIgniter\Model->doInsert(Array)
#5 C:\projectweb\Sistem Informasi Permintaan Surat Perobatan\system\Model.php(800): CodeIgniter\BaseModel->insert(Array, true)
#6 C:\projectweb\Sistem Informasi Permintaan Surat Perobatan\app\Controllers\FormController.php(29): CodeIgniter\Model->insert(Array)
#7 C:\projectweb\Sistem Informasi Permintaan Surat Perobatan\system\CodeIgniter.php(933): App\Controllers\FormController->simpan()
#8 C:\projectweb\Sistem Informasi Permintaan Surat Perobatan\system\CodeIgniter.php(507): CodeIgniter\CodeIgniter->runController(Object(App\Controllers\FormController))
#9 C:\projectweb\Sistem Informasi Permintaan Surat Perobatan\system\CodeIgniter.php(354): CodeIgniter\CodeIgniter->handleRequest(NULL, Object(Config\Cache), false)
#10 C:\projectweb\Sistem Informasi Permintaan Surat Perobatan\system\Boot.php(334): CodeIgniter\CodeIgniter->run()
#11 C:\projectweb\Sistem Informasi Permintaan Surat Perobatan\system\Boot.php(67): CodeIgniter\Boot::runCodeIgniter(Object(CodeIgniter\CodeIgniter))
#12 C:\projectweb\Sistem Informasi Permintaan Surat Perobatan\public\index.php(56): CodeIgniter\Boot::bootWeb(Object(Config\Paths))
#13 C:\projectweb\Sistem Informasi Permintaan Surat Perobatan\system\rewrite.php(44): require_once('C:\\projectweb\\S...')
#14 {main}
CRITICAL - 2025-03-18 05:05:42 --> CodeIgniter\Database\Exceptions\DatabaseException: Unable to connect to the database.
Main connection [MySQLi]: Access denied for user '****'@'localhost' (using password: YES)
[Method: POST, Route: form/simpan]
in SYSTEMPATH\Database\BaseConnection.php on line 467.
 1 SYSTEMPATH\Database\BaseConnection.php(620): CodeIgniter\Database\BaseConnection->initialize()
 2 SYSTEMPATH\Database\BaseBuilder.php(2345): CodeIgniter\Database\BaseConnection->query('INSERT INTO `form_data` (`nama_lengkap`, `email`, `phone`, `nik`, `alamat`, `keterangan`, `status`) VALUES (:nama_lengkap:, :email:, :phone:, :nik:, :alamat:, :keterangan:, :status:)', [...], false)
 3 SYSTEMPATH\Model.php(394): CodeIgniter\Database\BaseBuilder->insert()
 4 SYSTEMPATH\BaseModel.php(839): CodeIgniter\Model->doInsert([...])
 5 SYSTEMPATH\Model.php(800): CodeIgniter\BaseModel->insert([...], true)
 6 APPPATH\Controllers\FormController.php(29): CodeIgniter\Model->insert([...])
 7 SYSTEMPATH\CodeIgniter.php(933): App\Controllers\FormController->simpan()
 8 SYSTEMPATH\CodeIgniter.php(507): CodeIgniter\CodeIgniter->runController(Object(App\Controllers\FormController))
 9 SYSTEMPATH\CodeIgniter.php(354): CodeIgniter\CodeIgniter->handleRequest(null, Object(Config\Cache), false)
10 SYSTEMPATH\Boot.php(334): CodeIgniter\CodeIgniter->run()
11 SYSTEMPATH\Boot.php(67): CodeIgniter\Boot::runCodeIgniter(Object(CodeIgniter\CodeIgniter))
12 FCPATH\index.php(56): CodeIgniter\Boot::bootWeb(Object(Config\Paths))
13 SYSTEMPATH\rewrite.php(44): require_once('C:\\projectweb\\Sistem Informasi Permintaan Surat Perobatan\\public\\index.php')
